{"C:\\integracion_continua\\src\\App.tsx": {"path":"C:\\integracion_continua\\src\\App.tsx","statementMap":{"0":{"start":{"line":1,"column":0},"end":{"line":1,"column":49}},"1":{"start":{"line":2,"column":0},"end":{"line":2,"column":43}},"2":{"start":{"line":5,"column":2},"end":{"line":9,"column":4}},"3":{"start":{"line":12,"column":0},"end":{"line":12,"column":19}}},"fnMap":{"0":{"name":"App","decl":{"start":{"line":4,"column":9},"end":{"line":4,"column":12}},"loc":{"start":{"line":4,"column":12},"end":{"line":10,"column":1}}}},"branchMap":{},"s":{"0":1,"1":1,"2":1,"3":1},"f":{"0":1},"b":{}}
,"C:\\integracion_continua\\src\\components\\ClickCounter.tsx": {"path":"C:\\integracion_continua\\src\\components\\ClickCounter.tsx","statementMap":{"0":{"start":{"line":3,"column":0},"end":{"line":3,"column":24}},"1":{"start":{"line":1,"column":0},"end":{"line":1,"column":44}},"2":{"start":{"line":4,"column":28},"end":{"line":7,"column":4}},"3":{"start":{"line":5,"column":23},"end":{"line":5,"column":60}},"4":{"start":{"line":6,"column":4},"end":{"line":6,"column":53}},"5":{"start":{"line":9,"column":2},"end":{"line":11,"column":14}},"6":{"start":{"line":10,"column":4},"end":{"line":10,"column":60}},"7":{"start":{"line":13,"column":2},"end":{"line":24,"column":4}},"8":{"start":{"line":18,"column":23},"end":{"line":18,"column":49}},"9":{"start":{"line":18,"column":40},"end":{"line":18,"column":48}}},"fnMap":{"0":{"name":"ClickCounter","decl":{"start":{"line":3,"column":24},"end":{"line":3,"column":36}},"loc":{"start":{"line":3,"column":36},"end":{"line":25,"column":1}}},"1":{"name":"(anonymous_1)","decl":{"start":{"line":4,"column":37},"end":{"line":4,"column":40}},"loc":{"start":{"line":4,"column":42},"end":{"line":7,"column":3}}},"2":{"name":"(anonymous_2)","decl":{"start":{"line":9,"column":12},"end":{"line":9,"column":15}},"loc":{"start":{"line":9,"column":17},"end":{"line":11,"column":3}}},"3":{"name":"(anonymous_3)","decl":{"start":{"line":18,"column":17},"end":{"line":18,"column":20}},"loc":{"start":{"line":18,"column":23},"end":{"line":18,"column":49}}},"4":{"name":"(anonymous_4)","decl":{"start":{"line":18,"column":32},"end":{"line":18,"column":36}},"loc":{"start":{"line":18,"column":40},"end":{"line":18,"column":48}}}},"branchMap":{"0":{"loc":{"start":{"line":6,"column":11},"end":{"line":6,"column":52}},"type":"cond-expr","locations":[{"start":{"line":6,"column":24},"end":{"line":6,"column":48}},{"start":{"line":6,"column":51},"end":{"line":6,"column":52}}]}},"s":{"0":1,"1":1,"2":2,"3":1,"4":1,"5":2,"6":2,"7":2,"8":1,"9":1},"f":{"0":2,"1":1,"2":2,"3":1,"4":1},"b":{"0":[1,0]}}
,"C:\\integracion_continua\\src\\components\\Content.tsx": {"path":"C:\\integracion_continua\\src\\components\\Content.tsx","statementMap":{"0":{"start":{"line":3,"column":0},"end":{"line":3,"column":24}},"1":{"start":{"line":1,"column":0},"end":{"line":1,"column":42}},"2":{"start":{"line":4,"column":2},"end":{"line":9,"column":4}}},"fnMap":{"0":{"name":"Content","decl":{"start":{"line":3,"column":24},"end":{"line":3,"column":31}},"loc":{"start":{"line":3,"column":31},"end":{"line":10,"column":1}}}},"branchMap":{},"s":{"0":0,"1":0,"2":0},"f":{"0":0},"b":{}}
,"C:\\integracion_continua\\src\\components\\Layout.tsx": {"path":"C:\\integracion_continua\\src\\components\\Layout.tsx","statementMap":{"0":{"start":{"line":5,"column":0},"end":{"line":5,"column":24}},"1":{"start":{"line":1,"column":0},"end":{"line":1,"column":42}},"2":{"start":{"line":2,"column":0},"end":{"line":2,"column":32}},"3":{"start":{"line":3,"column":0},"end":{"line":3,"column":30}},"4":{"start":{"line":6,"column":2},"end":{"line":22,"column":4}}},"fnMap":{"0":{"name":"Layout","decl":{"start":{"line":5,"column":24},"end":{"line":5,"column":30}},"loc":{"start":{"line":5,"column":30},"end":{"line":23,"column":1}}}},"branchMap":{},"s":{"0":0,"1":0,"2":0,"3":0,"4":0},"f":{"0":0},"b":{}}
,"C:\\integracion_continua\\src\\components\\MultiplicationTable.tsx": {"path":"C:\\integracion_continua\\src\\components\\MultiplicationTable.tsx","statementMap":{"0":{"start":{"line":4,"column":0},"end":{"line":4,"column":24}},"1":{"start":{"line":2,"column":0},"end":{"line":2,"column":33}},"2":{"start":{"line":5,"column":30},"end":{"line":5,"column":59}},"3":{"start":{"line":6,"column":28},"end":{"line":6,"column":50}},"4":{"start":{"line":8,"column":24},"end":{"line":13,"column":3}},"5":{"start":{"line":9,"column":4},"end":{"line":9,"column":49}},"6":{"start":{"line":9,"column":42},"end":{"line":9,"column":49}},"7":{"start":{"line":10,"column":19},"end":{"line":10,"column":73}},"8":{"start":{"line":10,"column":56},"end":{"line":10,"column":72}},"9":{"start":{"line":11,"column":4},"end":{"line":11,"column":24}},"10":{"start":{"line":12,"column":4},"end":{"line":12,"column":21}},"11":{"start":{"line":15,"column":2},"end":{"line":48,"column":4}},"12":{"start":{"line":25,"column":27},"end":{"line":25,"column":62}},"13":{"start":{"line":40,"column":14},"end":{"line":40,"column":30}}},"fnMap":{"0":{"name":"MultiplicationTable","decl":{"start":{"line":4,"column":24},"end":{"line":4,"column":43}},"loc":{"start":{"line":4,"column":43},"end":{"line":49,"column":1}}},"1":{"name":"(anonymous_1)","decl":{"start":{"line":8,"column":24},"end":{"line":8,"column":27}},"loc":{"start":{"line":8,"column":29},"end":{"line":13,"column":3}}},"2":{"name":"(anonymous_2)","decl":{"start":{"line":10,"column":46},"end":{"line":10,"column":47}},"loc":{"start":{"line":10,"column":56},"end":{"line":10,"column":72}}},"3":{"name":"(anonymous_3)","decl":{"start":{"line":25,"column":20},"end":{"line":25,"column":21}},"loc":{"start":{"line":25,"column":27},"end":{"line":25,"column":62}}},"4":{"name":"(anonymous_4)","decl":{"start":{"line":39,"column":23},"end":{"line":39,"column":24}},"loc":{"start":{"line":40,"column":14},"end":{"line":40,"column":30}}}},"branchMap":{"0":{"loc":{"start":{"line":9,"column":4},"end":{"line":9,"column":49}},"type":"if","locations":[{"start":{"line":9,"column":4},"end":{"line":9,"column":49}},{"start":{},"end":{}}]},"1":{"loc":{"start":{"line":9,"column":8},"end":{"line":9,"column":40}},"type":"binary-expr","locations":[{"start":{"line":9,"column":8},"end":{"line":9,"column":23}},{"start":{"line":9,"column":27},"end":{"line":9,"column":40}}]},"2":{"loc":{"start":{"line":24,"column":17},"end":{"line":24,"column":29}},"type":"binary-expr","locations":[{"start":{"line":24,"column":17},"end":{"line":24,"column":23}},{"start":{"line":24,"column":27},"end":{"line":24,"column":29}}]},"3":{"loc":{"start":{"line":35,"column":7},"end":{"line":45,"column":null}},"type":"binary-expr","locations":[{"start":{"line":35,"column":7},"end":{"line":35,"column":23}},{"start":{"line":36,"column":8},"end":{"line":44,"column":null}}]}},"s":{"0":1,"1":1,"2":4,"3":4,"4":4,"5":2,"6":1,"7":1,"8":10,"9":1,"10":1,"11":4,"12":1,"13":10},"f":{"0":4,"1":2,"2":10,"3":1,"4":10},"b":{"0":[1,1],"1":[2,1],"2":[4,2],"3":[4,1]}}
,"C:\\integracion_continua\\src\\components\\Navbar.tsx": {"path":"C:\\integracion_continua\\src\\components\\Navbar.tsx","statementMap":{"0":{"start":{"line":2,"column":0},"end":{"line":2,"column":41}},"1":{"start":{"line":4,"column":25},"end":{"line":49,"column":1}},"2":{"start":{"line":6,"column":2},"end":{"line":15,"column":9}},"3":{"start":{"line":7,"column":17},"end":{"line":7,"column":41}},"4":{"start":{"line":8,"column":18},"end":{"line":8,"column":47}},"5":{"start":{"line":10,"column":4},"end":{"line":14,"column":5}},"6":{"start":{"line":11,"column":6},"end":{"line":11,"column":54}},"7":{"start":{"line":12,"column":11},"end":{"line":14,"column":5}},"8":{"start":{"line":13,"column":6},"end":{"line":13,"column":33}},"9":{"start":{"line":17,"column":22},"end":{"line":23,"column":3}},"10":{"start":{"line":18,"column":17},"end":{"line":18,"column":41}},"11":{"start":{"line":19,"column":17},"end":{"line":19,"column":65}},"12":{"start":{"line":20,"column":4},"end":{"line":20,"column":40}},"13":{"start":{"line":22,"column":4},"end":{"line":22,"column":90}},"14":{"start":{"line":25,"column":2},"end":{"line":48,"column":4}},"15":{"start":{"line":51,"column":0},"end":{"line":51,"column":22}}},"fnMap":{"0":{"name":"(anonymous_0)","decl":{"start":{"line":4,"column":25},"end":{"line":4,"column":28}},"loc":{"start":{"line":4,"column":30},"end":{"line":49,"column":1}}},"1":{"name":"(anonymous_1)","decl":{"start":{"line":6,"column":12},"end":{"line":6,"column":15}},"loc":{"start":{"line":6,"column":17},"end":{"line":15,"column":3}}},"2":{"name":"(anonymous_2)","decl":{"start":{"line":17,"column":22},"end":{"line":17,"column":25}},"loc":{"start":{"line":17,"column":27},"end":{"line":23,"column":3}}}},"branchMap":{"0":{"loc":{"start":{"line":10,"column":4},"end":{"line":14,"column":5}},"type":"if","locations":[{"start":{"line":10,"column":4},"end":{"line":14,"column":5}},{"start":{"line":12,"column":11},"end":{"line":14,"column":5}}]},"1":{"loc":{"start":{"line":12,"column":11},"end":{"line":14,"column":5}},"type":"if","locations":[{"start":{"line":12,"column":11},"end":{"line":14,"column":5}},{"start":{},"end":{}}]},"2":{"loc":{"start":{"line":19,"column":17},"end":{"line":19,"column":65}},"type":"cond-expr","locations":[{"start":{"line":19,"column":49},"end":{"line":19,"column":55}},{"start":{"line":19,"column":58},"end":{"line":19,"column":65}}]}},"s":{"0":1,"1":1,"2":2,"3":2,"4":2,"5":2,"6":0,"7":2,"8":0,"9":2,"10":0,"11":0,"12":0,"13":0,"14":2,"15":1},"f":{"0":2,"1":2,"2":0},"b":{"0":[0,2],"1":[0,2],"2":[0,0]}}
,"C:\\integracion_continua\\src\\components\\PasswordValidator.tsx": {"path":"C:\\integracion_continua\\src\\components\\PasswordValidator.tsx","statementMap":{"0":{"start":{"line":3,"column":0},"end":{"line":3,"column":24}},"1":{"start":{"line":1,"column":0},"end":{"line":1,"column":33}},"2":{"start":{"line":4,"column":34},"end":{"line":4,"column":46}},"3":{"start":{"line":7,"column":16},"end":{"line":20,"column":4}},"4":{"start":{"line":10,"column":29},"end":{"line":10,"column":44}},"5":{"start":{"line":14,"column":29},"end":{"line":14,"column":43}},"6":{"start":{"line":18,"column":29},"end":{"line":18,"column":46}},"7":{"start":{"line":22,"column":2},"end":{"line":59,"column":4}},"8":{"start":{"line":33,"column":29},"end":{"line":33,"column":56}},"9":{"start":{"line":42,"column":28},"end":{"line":42,"column":47}},"10":{"start":{"line":43,"column":14},"end":{"line":43,"column":33}},"11":{"start":{"line":44,"column":14},"end":{"line":53,"column":16}}},"fnMap":{"0":{"name":"PasswordValidator","decl":{"start":{"line":3,"column":24},"end":{"line":3,"column":41}},"loc":{"start":{"line":3,"column":41},"end":{"line":60,"column":1}}},"1":{"name":"(anonymous_1)","decl":{"start":{"line":10,"column":12},"end":{"line":10,"column":13}},"loc":{"start":{"line":10,"column":29},"end":{"line":10,"column":44}}},"2":{"name":"(anonymous_2)","decl":{"start":{"line":14,"column":12},"end":{"line":14,"column":13}},"loc":{"start":{"line":14,"column":29},"end":{"line":14,"column":43}}},"3":{"name":"(anonymous_3)","decl":{"start":{"line":18,"column":12},"end":{"line":18,"column":13}},"loc":{"start":{"line":18,"column":29},"end":{"line":18,"column":46}}},"4":{"name":"(anonymous_4)","decl":{"start":{"line":33,"column":22},"end":{"line":33,"column":23}},"loc":{"start":{"line":33,"column":29},"end":{"line":33,"column":56}}},"5":{"name":"(anonymous_5)","decl":{"start":{"line":41,"column":23},"end":{"line":41,"column":24}},"loc":{"start":{"line":41,"column":39},"end":{"line":54,"column":13}}}},"branchMap":{"0":{"loc":{"start":{"line":48,"column":20},"end":{"line":48,"column":null}},"type":"cond-expr","locations":[{"start":{"line":48,"column":28},"end":{"line":48,"column":44}},{"start":{"line":48,"column":47},"end":{"line":48,"column":null}}]},"1":{"loc":{"start":{"line":51,"column":19},"end":{"line":51,"column":37}},"type":"cond-expr","locations":[{"start":{"line":51,"column":27},"end":{"line":51,"column":31}},{"start":{"line":51,"column":34},"end":{"line":51,"column":37}}]}},"s":{"0":1,"1":1,"2":5,"3":5,"4":5,"5":5,"6":5,"7":5,"8":2,"9":15,"10":15,"11":15},"f":{"0":5,"1":5,"2":5,"3":5,"4":2,"5":15},"b":{"0":[5,10],"1":[5,10]}}
,"C:\\integracion_continua\\src\\components\\Sidebar.tsx": {"path":"C:\\integracion_continua\\src\\components\\Sidebar.tsx","statementMap":{"0":{"start":{"line":27,"column":0},"end":{"line":27,"column":24}},"1":{"start":{"line":1,"column":0},"end":{"line":1,"column":33}},"2":{"start":{"line":2,"column":0},"end":{"line":2,"column":43}},"3":{"start":{"line":3,"column":0},"end":{"line":3,"column":130}},"4":{"start":{"line":11,"column":33},"end":{"line":17,"column":2}},"5":{"start":{"line":19,"column":37},"end":{"line":25,"column":2}},"6":{"start":{"line":28,"column":34},"end":{"line":28,"column":49}},"7":{"start":{"line":29,"column":44},"end":{"line":29,"column":59}},"8":{"start":{"line":31,"column":24},"end":{"line":42,"column":null}},"9":{"start":{"line":32,"column":4},"end":{"line":33,"column":null}},"10":{"start":{"line":36,"column":8},"end":{"line":38,"column":106}},"11":{"start":{"line":45,"column":2},"end":{"line":73,"column":4}},"12":{"start":{"line":51,"column":25},"end":{"line":51,"column":47}},"13":{"start":{"line":62,"column":25},"end":{"line":62,"column":57}}},"fnMap":{"0":{"name":"Sidebar","decl":{"start":{"line":27,"column":24},"end":{"line":27,"column":31}},"loc":{"start":{"line":27,"column":31},"end":{"line":74,"column":1}}},"1":{"name":"(anonymous_1)","decl":{"start":{"line":31,"column":24},"end":{"line":31,"column":25}},"loc":{"start":{"line":32,"column":4},"end":{"line":33,"column":null}}},"2":{"name":"(anonymous_2)","decl":{"start":{"line":35,"column":17},"end":{"line":35,"column":18}},"loc":{"start":{"line":36,"column":8},"end":{"line":38,"column":106}}},"3":{"name":"(anonymous_3)","decl":{"start":{"line":51,"column":19},"end":{"line":51,"column":22}},"loc":{"start":{"line":51,"column":25},"end":{"line":51,"column":47}}},"4":{"name":"(anonymous_4)","decl":{"start":{"line":62,"column":19},"end":{"line":62,"column":22}},"loc":{"start":{"line":62,"column":25},"end":{"line":62,"column":57}}}},"branchMap":{"0":{"loc":{"start":{"line":38,"column":11},"end":{"line":38,"column":104}},"type":"cond-expr","locations":[{"start":{"line":38,"column":22},"end":{"line":38,"column":99}},{"start":{"line":38,"column":102},"end":{"line":38,"column":104}}]},"1":{"loc":{"start":{"line":56,"column":17},"end":{"line":56,"column":37}},"type":"cond-expr","locations":[{"start":{"line":56,"column":28},"end":{"line":56,"column":31}},{"start":{"line":56,"column":34},"end":{"line":56,"column":37}}]},"2":{"loc":{"start":{"line":58,"column":9},"end":{"line":58,"column":89}},"type":"binary-expr","locations":[{"start":{"line":58,"column":9},"end":{"line":58,"column":17}},{"start":{"line":58,"column":21},"end":{"line":58,"column":89}}]},"3":{"loc":{"start":{"line":67,"column":17},"end":{"line":67,"column":42}},"type":"cond-expr","locations":[{"start":{"line":67,"column":33},"end":{"line":67,"column":36}},{"start":{"line":67,"column":39},"end":{"line":67,"column":42}}]},"4":{"loc":{"start":{"line":69,"column":9},"end":{"line":69,"column":98}},"type":"binary-expr","locations":[{"start":{"line":69,"column":9},"end":{"line":69,"column":22}},{"start":{"line":69,"column":26},"end":{"line":69,"column":98}}]}},"s":{"0":0,"1":0,"2":0,"3":0,"4":0,"5":0,"6":0,"7":0,"8":0,"9":0,"10":0,"11":0,"12":0,"13":0},"f":{"0":0,"1":0,"2":0,"3":0,"4":0},"b":{"0":[0,0],"1":[0,0],"2":[0,0],"3":[0,0],"4":[0,0]}}
,"C:\\integracion_continua\\src\\components\\TodoList.tsx": {"path":"C:\\integracion_continua\\src\\components\\TodoList.tsx","statementMap":{"0":{"start":{"line":3,"column":0},"end":{"line":3,"column":24}},"1":{"start":{"line":1,"column":0},"end":{"line":1,"column":33}},"2":{"start":{"line":4,"column":28},"end":{"line":4,"column":50}},"3":{"start":{"line":5,"column":32},"end":{"line":5,"column":44}},"4":{"start":{"line":7,"column":24},"end":{"line":11,"column":3}},"5":{"start":{"line":8,"column":4},"end":{"line":8,"column":38}},"6":{"start":{"line":8,"column":31},"end":{"line":8,"column":38}},"7":{"start":{"line":9,"column":4},"end":{"line":9,"column":50}},"8":{"start":{"line":9,"column":23},"end":{"line":9,"column":48}},"9":{"start":{"line":10,"column":4},"end":{"line":10,"column":19}},"10":{"start":{"line":13,"column":27},"end":{"line":15,"column":3}},"11":{"start":{"line":14,"column":4},"end":{"line":14,"column":59}},"12":{"start":{"line":14,"column":23},"end":{"line":14,"column":57}},"13":{"start":{"line":14,"column":45},"end":{"line":14,"column":56}},"14":{"start":{"line":17,"column":2},"end":{"line":54,"column":4}},"15":{"start":{"line":25,"column":27},"end":{"line":25,"column":53}},"16":{"start":{"line":39,"column":10},"end":{"line":40,"column":null}},"17":{"start":{"line":45,"column":29},"end":{"line":45,"column":52}}},"fnMap":{"0":{"name":"TodoList","decl":{"start":{"line":3,"column":24},"end":{"line":3,"column":32}},"loc":{"start":{"line":3,"column":32},"end":{"line":55,"column":1}}},"1":{"name":"(anonymous_1)","decl":{"start":{"line":7,"column":24},"end":{"line":7,"column":27}},"loc":{"start":{"line":7,"column":29},"end":{"line":11,"column":3}}},"2":{"name":"(anonymous_2)","decl":{"start":{"line":9,"column":13},"end":{"line":9,"column":14}},"loc":{"start":{"line":9,"column":23},"end":{"line":9,"column":48}}},"3":{"name":"(anonymous_3)","decl":{"start":{"line":13,"column":27},"end":{"line":13,"column":28}},"loc":{"start":{"line":13,"column":45},"end":{"line":15,"column":3}}},"4":{"name":"(anonymous_4)","decl":{"start":{"line":14,"column":13},"end":{"line":14,"column":14}},"loc":{"start":{"line":14,"column":23},"end":{"line":14,"column":57}}},"5":{"name":"(anonymous_5)","decl":{"start":{"line":14,"column":35},"end":{"line":14,"column":36}},"loc":{"start":{"line":14,"column":45},"end":{"line":14,"column":56}}},"6":{"name":"(anonymous_6)","decl":{"start":{"line":25,"column":20},"end":{"line":25,"column":21}},"loc":{"start":{"line":25,"column":27},"end":{"line":25,"column":53}}},"7":{"name":"(anonymous_7)","decl":{"start":{"line":38,"column":19},"end":{"line":38,"column":20}},"loc":{"start":{"line":39,"column":10},"end":{"line":40,"column":null}}},"8":{"name":"(anonymous_8)","decl":{"start":{"line":45,"column":23},"end":{"line":45,"column":26}},"loc":{"start":{"line":45,"column":29},"end":{"line":45,"column":52}}}},"branchMap":{"0":{"loc":{"start":{"line":8,"column":4},"end":{"line":8,"column":38}},"type":"if","locations":[{"start":{"line":8,"column":4},"end":{"line":8,"column":38}},{"start":{},"end":{}}]}},"s":{"0":1,"1":1,"2":16,"3":16,"4":16,"5":6,"6":1,"7":5,"8":5,"9":5,"10":16,"11":2,"12":2,"13":4,"14":16,"15":5,"16":13,"17":2},"f":{"0":16,"1":6,"2":5,"3":2,"4":2,"5":4,"6":5,"7":13,"8":2},"b":{"0":[1,5]}}
,"C:\\integracion_continua\\src\\components\\UnitConverter.tsx": {"path":"C:\\integracion_continua\\src\\components\\UnitConverter.tsx","statementMap":{"0":{"start":{"line":3,"column":0},"end":{"line":3,"column":24}},"1":{"start":{"line":1,"column":0},"end":{"line":1,"column":33}},"2":{"start":{"line":4,"column":32},"end":{"line":4,"column":61}},"3":{"start":{"line":5,"column":38},"end":{"line":5,"column":67}},"4":{"start":{"line":7,"column":24},"end":{"line":11,"column":3}},"5":{"start":{"line":8,"column":4},"end":{"line":8,"column":51}},"6":{"start":{"line":8,"column":44},"end":{"line":8,"column":51}},"7":{"start":{"line":9,"column":19},"end":{"line":9,"column":41}},"8":{"start":{"line":10,"column":4},"end":{"line":10,"column":26}},"9":{"start":{"line":13,"column":2},"end":{"line":48,"column":4}},"10":{"start":{"line":26,"column":29},"end":{"line":26,"column":67}}},"fnMap":{"0":{"name":"UnitConverter","decl":{"start":{"line":3,"column":24},"end":{"line":3,"column":37}},"loc":{"start":{"line":3,"column":37},"end":{"line":49,"column":1}}},"1":{"name":"(anonymous_1)","decl":{"start":{"line":7,"column":24},"end":{"line":7,"column":27}},"loc":{"start":{"line":7,"column":29},"end":{"line":11,"column":3}}},"2":{"name":"(anonymous_2)","decl":{"start":{"line":26,"column":22},"end":{"line":26,"column":23}},"loc":{"start":{"line":26,"column":29},"end":{"line":26,"column":67}}}},"branchMap":{"0":{"loc":{"start":{"line":8,"column":4},"end":{"line":8,"column":51}},"type":"if","locations":[{"start":{"line":8,"column":4},"end":{"line":8,"column":51}},{"start":{},"end":{}}]},"1":{"loc":{"start":{"line":8,"column":8},"end":{"line":8,"column":42}},"type":"binary-expr","locations":[{"start":{"line":8,"column":8},"end":{"line":8,"column":24}},{"start":{"line":8,"column":28},"end":{"line":8,"column":42}}]},"2":{"loc":{"start":{"line":25,"column":19},"end":{"line":25,"column":32}},"type":"binary-expr","locations":[{"start":{"line":25,"column":19},"end":{"line":25,"column":26}},{"start":{"line":25,"column":30},"end":{"line":25,"column":32}}]},"3":{"loc":{"start":{"line":42,"column":19},"end":{"line":42,"column":67}},"type":"cond-expr","locations":[{"start":{"line":42,"column":41},"end":{"line":42,"column":62}},{"start":{"line":42,"column":65},"end":{"line":42,"column":67}}]}},"s":{"0":1,"1":1,"2":4,"3":4,"4":4,"5":1,"6":0,"7":1,"8":1,"9":4,"10":1},"f":{"0":4,"1":1,"2":1},"b":{"0":[0,1],"1":[1,1],"2":[4,2],"3":[1,3]}}
,"C:\\integracion_continua\\src\\components\\layout\\Layout.tsx": {"path":"C:\\integracion_continua\\src\\components\\layout\\Layout.tsx","statementMap":{"0":{"start":{"line":2,"column":0},"end":{"line":2,"column":61}},"1":{"start":{"line":3,"column":0},"end":{"line":3,"column":80}},"2":{"start":{"line":5,"column":32},"end":{"line":65,"column":1}},"3":{"start":{"line":6,"column":19},"end":{"line":6,"column":32}},"4":{"start":{"line":8,"column":19},"end":{"line":13,"column":4}},"5":{"start":{"line":15,"column":2},"end":{"line":64,"column":4}},"6":{"start":{"line":27,"column":35},"end":{"line":27,"column":61}},"7":{"start":{"line":28,"column":18},"end":{"line":44,"column":20}},"8":{"start":{"line":5,"column":13},"end":{"line":5,"column":32}}},"fnMap":{"0":{"name":"(anonymous_0)","decl":{"start":{"line":5,"column":32},"end":{"line":5,"column":35}},"loc":{"start":{"line":5,"column":37},"end":{"line":65,"column":1}}},"1":{"name":"(anonymous_1)","decl":{"start":{"line":26,"column":30},"end":{"line":26,"column":31}},"loc":{"start":{"line":26,"column":62},"end":{"line":45,"column":17}}}},"branchMap":{"0":{"loc":{"start":{"line":33,"column":26},"end":{"line":35,"column":null}},"type":"cond-expr","locations":[{"start":{"line":34,"column":30},"end":{"line":34,"column":71}},{"start":{"line":35,"column":30},"end":{"line":35,"column":null}}]},"1":{"loc":{"start":{"line":38,"column":38},"end":{"line":38,"column":67}},"type":"cond-expr","locations":[{"start":{"line":38,"column":49},"end":{"line":38,"column":55}},{"start":{"line":38,"column":58},"end":{"line":38,"column":67}}]}},"s":{"0":1,"1":1,"2":1,"3":1,"4":1,"5":1,"6":4,"7":4,"8":1},"f":{"0":1,"1":4},"b":{"0":[1,3],"1":[1,3]}}
,"C:\\integracion_continua\\src\\components\\ui\\Badge.tsx": {"path":"C:\\integracion_continua\\src\\components\\ui\\Badge.tsx","statementMap":{"0":{"start":{"line":2,"column":0},"end":{"line":2,"column":36}},"1":{"start":{"line":10,"column":43},"end":{"line":34,"column":1}},"2":{"start":{"line":15,"column":19},"end":{"line":21,"column":4}},"3":{"start":{"line":23,"column":2},"end":{"line":33,"column":4}},"4":{"start":{"line":10,"column":13},"end":{"line":10,"column":43}}},"fnMap":{"0":{"name":"(anonymous_0)","decl":{"start":{"line":10,"column":43},"end":{"line":10,"column":44}},"loc":{"start":{"line":14,"column":5},"end":{"line":34,"column":1}}}},"branchMap":{"0":{"loc":{"start":{"line":12,"column":2},"end":{"line":12,"column":21}},"type":"default-arg","locations":[{"start":{"line":12,"column":12},"end":{"line":12,"column":21}}]}},"s":{"0":1,"1":1,"2":3,"3":3,"4":1},"f":{"0":3},"b":{"0":[0]}}
,"C:\\integracion_continua\\src\\components\\ui\\Button.tsx": {"path":"C:\\integracion_continua\\src\\components\\ui\\Button.tsx","statementMap":{"0":{"start":{"line":2,"column":0},"end":{"line":2,"column":36}},"1":{"start":{"line":11,"column":45},"end":{"line":51,"column":1}},"2":{"start":{"line":20,"column":21},"end":{"line":20,"column":181}},"3":{"start":{"line":22,"column":19},"end":{"line":27,"column":4}},"4":{"start":{"line":29,"column":16},"end":{"line":33,"column":4}},"5":{"start":{"line":35,"column":2},"end":{"line":50,"column":4}},"6":{"start":{"line":11,"column":13},"end":{"line":11,"column":45}}},"fnMap":{"0":{"name":"(anonymous_0)","decl":{"start":{"line":11,"column":45},"end":{"line":11,"column":46}},"loc":{"start":{"line":19,"column":5},"end":{"line":51,"column":1}}}},"branchMap":{"0":{"loc":{"start":{"line":12,"column":2},"end":{"line":12,"column":21}},"type":"default-arg","locations":[{"start":{"line":12,"column":12},"end":{"line":12,"column":21}}]},"1":{"loc":{"start":{"line":13,"column":2},"end":{"line":13,"column":13}},"type":"default-arg","locations":[{"start":{"line":13,"column":9},"end":{"line":13,"column":13}}]},"2":{"loc":{"start":{"line":38,"column":16},"end":{"line":38,"column":37}},"type":"binary-expr","locations":[{"start":{"line":38,"column":16},"end":{"line":38,"column":24}},{"start":{"line":38,"column":28},"end":{"line":38,"column":37}}]},"3":{"loc":{"start":{"line":41,"column":7},"end":{"line":47,"column":null}},"type":"cond-expr","locations":[{"start":{"line":42,"column":8},"end":{"line":43,"column":null}},{"start":{"line":47,"column":8},"end":{"line":47,"column":16}}]}},"s":{"0":1,"1":1,"2":0,"3":0,"4":0,"5":0,"6":1},"f":{"0":0},"b":{"0":[0],"1":[0],"2":[0,0],"3":[0,0]}}
,"C:\\integracion_continua\\src\\components\\ui\\Card.tsx": {"path":"C:\\integracion_continua\\src\\components\\ui\\Card.tsx","statementMap":{"0":{"start":{"line":2,"column":0},"end":{"line":2,"column":36}},"1":{"start":{"line":12,"column":41},"end":{"line":38,"column":1}},"2":{"start":{"line":19,"column":21},"end":{"line":19,"column":65}},"3":{"start":{"line":21,"column":19},"end":{"line":25,"column":4}},"4":{"start":{"line":27,"column":2},"end":{"line":37,"column":4}},"5":{"start":{"line":12,"column":13},"end":{"line":12,"column":41}}},"fnMap":{"0":{"name":"(anonymous_0)","decl":{"start":{"line":12,"column":41},"end":{"line":12,"column":42}},"loc":{"start":{"line":18,"column":5},"end":{"line":38,"column":1}}}},"branchMap":{"0":{"loc":{"start":{"line":15,"column":2},"end":{"line":15,"column":21}},"type":"default-arg","locations":[{"start":{"line":15,"column":12},"end":{"line":15,"column":21}}]},"1":{"loc":{"start":{"line":31,"column":12},"end":{"line":31,"column":42}},"type":"cond-expr","locations":[{"start":{"line":31,"column":22},"end":{"line":31,"column":30}},{"start":{"line":31,"column":33},"end":{"line":31,"column":42}}]},"2":{"loc":{"start":{"line":33,"column":16},"end":{"line":33,"column":39}},"type":"cond-expr","locations":[{"start":{"line":33,"column":26},"end":{"line":33,"column":27}},{"start":{"line":33,"column":30},"end":{"line":33,"column":39}}]}},"s":{"0":1,"1":1,"2":5,"3":5,"4":5,"5":1},"f":{"0":5},"b":{"0":[0],"1":[0,5],"2":[0,5]}}
,"C:\\integracion_continua\\src\\components\\ui\\Progress.tsx": {"path":"C:\\integracion_continua\\src\\components\\ui\\Progress.tsx","statementMap":{"0":{"start":{"line":2,"column":0},"end":{"line":2,"column":36}},"1":{"start":{"line":12,"column":49},"end":{"line":39,"column":1}},"2":{"start":{"line":19,"column":21},"end":{"line":19,"column":68}},"3":{"start":{"line":21,"column":2},"end":{"line":38,"column":4}},"4":{"start":{"line":12,"column":13},"end":{"line":12,"column":49}}},"fnMap":{"0":{"name":"(anonymous_0)","decl":{"start":{"line":12,"column":49},"end":{"line":12,"column":50}},"loc":{"start":{"line":18,"column":5},"end":{"line":39,"column":1}}}},"branchMap":{"0":{"loc":{"start":{"line":14,"column":2},"end":{"line":14,"column":11}},"type":"default-arg","locations":[{"start":{"line":14,"column":8},"end":{"line":14,"column":11}}]},"1":{"loc":{"start":{"line":16,"column":2},"end":{"line":16,"column":23}},"type":"default-arg","locations":[{"start":{"line":16,"column":19},"end":{"line":16,"column":23}}]},"2":{"loc":{"start":{"line":23,"column":7},"end":{"line":29,"column":null}},"type":"binary-expr","locations":[{"start":{"line":23,"column":7},"end":{"line":23,"column":12}},{"start":{"line":24,"column":8},"end":{"line":28,"column":null}}]},"3":{"loc":{"start":{"line":26,"column":11},"end":{"line":27,"column":null}},"type":"binary-expr","locations":[{"start":{"line":26,"column":11},"end":{"line":26,"column":25}},{"start":{"line":27,"column":12},"end":{"line":27,"column":96}}]}},"s":{"0":1,"1":1,"2":5,"3":5,"4":1},"f":{"0":5},"b":{"0":[5],"1":[0],"2":[5,2],"3":[2,2]}}
,"C:\\integracion_continua\\src\\components\\ui\\ShapeViewer.tsx": {"path":"C:\\integracion_continua\\src\\components\\ui\\ShapeViewer.tsx","statementMap":{"0":{"start":{"line":9,"column":55},"end":{"line":127,"column":1}},"1":{"start":{"line":10,"column":22},"end":{"line":124,"column":3}},"2":{"start":{"line":11,"column":4},"end":{"line":123,"column":5}},"3":{"start":{"line":13,"column":8},"end":{"line":29,"column":10}},"4":{"start":{"line":32,"column":8},"end":{"line":48,"column":10}},"5":{"start":{"line":51,"column":8},"end":{"line":67,"column":10}},"6":{"start":{"line":70,"column":8},"end":{"line":91,"column":10}},"7":{"start":{"line":94,"column":30},"end":{"line":94,"column":40}},"8":{"start":{"line":95,"column":25},"end":{"line":95,"column":57}},"9":{"start":{"line":96,"column":22},"end":{"line":96,"column":46}},"10":{"start":{"line":98,"column":28},"end":{"line":98,"column":30}},"11":{"start":{"line":99,"column":23},"end":{"line":103,"column":20}},"12":{"start":{"line":100,"column":20},"end":{"line":100,"column":73}},"13":{"start":{"line":101,"column":20},"end":{"line":101,"column":73}},"14":{"start":{"line":102,"column":10},"end":{"line":102,"column":29}},"15":{"start":{"line":105,"column":8},"end":{"line":118,"column":10}},"16":{"start":{"line":122,"column":8},"end":{"line":122,"column":20}},"17":{"start":{"line":126,"column":2},"end":{"line":126,"column":72}},"18":{"start":{"line":9,"column":13},"end":{"line":9,"column":55}}},"fnMap":{"0":{"name":"(anonymous_0)","decl":{"start":{"line":9,"column":55},"end":{"line":9,"column":56}},"loc":{"start":{"line":9,"column":91},"end":{"line":127,"column":1}}},"1":{"name":"(anonymous_1)","decl":{"start":{"line":10,"column":22},"end":{"line":10,"column":25}},"loc":{"start":{"line":10,"column":27},"end":{"line":124,"column":3}}},"2":{"name":"(anonymous_2)","decl":{"start":{"line":99,"column":56},"end":{"line":99,"column":57}},"loc":{"start":{"line":99,"column":65},"end":{"line":103,"column":9}}}},"branchMap":{"0":{"loc":{"start":{"line":11,"column":4},"end":{"line":123,"column":5}},"type":"switch","locations":[{"start":{"line":12,"column":6},"end":{"line":29,"column":10}},{"start":{"line":31,"column":6},"end":{"line":48,"column":10}},{"start":{"line":50,"column":6},"end":{"line":67,"column":10}},{"start":{"line":69,"column":6},"end":{"line":91,"column":10}},{"start":{"line":93,"column":6},"end":{"line":119,"column":7}},{"start":{"line":121,"column":6},"end":{"line":122,"column":20}}]},"1":{"loc":{"start":{"line":26,"column":15},"end":{"line":26,"column":37}},"type":"binary-expr","locations":[{"start":{"line":26,"column":15},"end":{"line":26,"column":30}},{"start":{"line":26,"column":34},"end":{"line":26,"column":37}}]},"2":{"loc":{"start":{"line":45,"column":15},"end":{"line":45,"column":39}},"type":"binary-expr","locations":[{"start":{"line":45,"column":15},"end":{"line":45,"column":32}},{"start":{"line":45,"column":36},"end":{"line":45,"column":39}}]},"3":{"loc":{"start":{"line":45,"column":44},"end":{"line":45,"column":67}},"type":"binary-expr","locations":[{"start":{"line":45,"column":44},"end":{"line":45,"column":60}},{"start":{"line":45,"column":64},"end":{"line":45,"column":67}}]},"4":{"loc":{"start":{"line":64,"column":17},"end":{"line":64,"column":41}},"type":"binary-expr","locations":[{"start":{"line":64,"column":17},"end":{"line":64,"column":34}},{"start":{"line":64,"column":38},"end":{"line":64,"column":41}}]},"5":{"loc":{"start":{"line":79,"column":13},"end":{"line":88,"column":null}},"type":"binary-expr","locations":[{"start":{"line":79,"column":13},"end":{"line":79,"column":28}},{"start":{"line":79,"column":32},"end":{"line":79,"column":49}},{"start":{"line":80,"column":14},"end":{"line":87,"column":null}}]},"6":{"loc":{"start":{"line":94,"column":16},"end":{"line":94,"column":25}},"type":"default-arg","locations":[{"start":{"line":94,"column":24},"end":{"line":94,"column":25}}]}},"s":{"0":1,"1":0,"2":0,"3":0,"4":0,"5":0,"6":0,"7":0,"8":0,"9":0,"10":0,"11":0,"12":0,"13":0,"14":0,"15":0,"16":0,"17":0,"18":1},"f":{"0":0,"1":0,"2":0},"b":{"0":[0,0,0,0,0,0],"1":[0,0],"2":[0,0],"3":[0,0],"4":[0,0],"5":[0,0,0],"6":[0]}}
,"C:\\integracion_continua\\src\\data\\departamentos.ts": {"path":"C:\\integracion_continua\\src\\data\\departamentos.ts","statementMap":{"0":{"start":{"line":302,"column":0},"end":{"line":302,"column":16}},"1":{"start":{"line":306,"column":0},"end":{"line":306,"column":16}},"2":{"start":{"line":310,"column":0},"end":{"line":310,"column":16}},"3":{"start":{"line":314,"column":0},"end":{"line":314,"column":16}},"4":{"start":{"line":11,"column":13},"end":{"line":300,"column":2}},"5":{"start":{"line":303,"column":2},"end":{"line":303,"column":50}},"6":{"start":{"line":303,"column":33},"end":{"line":303,"column":48}},"7":{"start":{"line":307,"column":2},"end":{"line":307,"column":56}},"8":{"start":{"line":307,"column":35},"end":{"line":307,"column":54}},"9":{"start":{"line":311,"column":2},"end":{"line":311,"column":63}},"10":{"start":{"line":311,"column":51},"end":{"line":311,"column":59}},"11":{"start":{"line":315,"column":41},"end":{"line":321,"column":4}},"12":{"start":{"line":322,"column":2},"end":{"line":322,"column":71}}},"fnMap":{"0":{"name":"getDepartamentoByCode","decl":{"start":{"line":302,"column":16},"end":{"line":302,"column":37}},"loc":{"start":{"line":302,"column":50},"end":{"line":304,"column":1}}},"1":{"name":"(anonymous_1)","decl":{"start":{"line":303,"column":28},"end":{"line":303,"column":29}},"loc":{"start":{"line":303,"column":33},"end":{"line":303,"column":48}}},"2":{"name":"getDepartamentosByRegion","decl":{"start":{"line":306,"column":16},"end":{"line":306,"column":40}},"loc":{"start":{"line":306,"column":55},"end":{"line":308,"column":1}}},"3":{"name":"(anonymous_3)","decl":{"start":{"line":307,"column":30},"end":{"line":307,"column":31}},"loc":{"start":{"line":307,"column":35},"end":{"line":307,"column":54}}},"4":{"name":"getRegions","decl":{"start":{"line":310,"column":16},"end":{"line":310,"column":26}},"loc":{"start":{"line":310,"column":26},"end":{"line":312,"column":1}}},"5":{"name":"(anonymous_5)","decl":{"start":{"line":311,"column":46},"end":{"line":311,"column":47}},"loc":{"start":{"line":311,"column":51},"end":{"line":311,"column":59}}},"6":{"name":"getRegionColor","decl":{"start":{"line":314,"column":16},"end":{"line":314,"column":30}},"loc":{"start":{"line":314,"column":45},"end":{"line":323,"column":1}}}},"branchMap":{"0":{"loc":{"start":{"line":322,"column":9},"end":{"line":322,"column":70}},"type":"binary-expr","locations":[{"start":{"line":322,"column":9},"end":{"line":322,"column":23}},{"start":{"line":322,"column":27},"end":{"line":322,"column":70}}]}},"s":{"0":2,"1":2,"2":2,"3":2,"4":2,"5":6,"6":129,"7":19,"8":608,"9":6,"10":192,"11":13,"12":13},"f":{"0":6,"1":129,"2":19,"3":608,"4":6,"5":192,"6":13},"b":{"0":[13,3]}}
,"C:\\integracion_continua\\src\\pages\\Home\\Home.tsx": {"path":"C:\\integracion_continua\\src\\pages\\Home\\Home.tsx","statementMap":{"0":{"start":{"line":1,"column":0},"end":{"line":1,"column":51}},"1":{"start":{"line":2,"column":0},"end":{"line":2,"column":40}},"2":{"start":{"line":3,"column":0},"end":{"line":3,"column":48}},"3":{"start":{"line":4,"column":0},"end":{"line":4,"column":56}},"4":{"start":{"line":5,"column":0},"end":{"line":5,"column":50}},"5":{"start":{"line":6,"column":0},"end":{"line":6,"column":42}},"6":{"start":{"line":9,"column":30},"end":{"line":107,"column":1}},"7":{"start":{"line":10,"column":32},"end":{"line":10,"column":54}},"8":{"start":{"line":12,"column":2},"end":{"line":48,"column":9}},"9":{"start":{"line":14,"column":26},"end":{"line":14,"column":64}},"10":{"start":{"line":15,"column":21},"end":{"line":15,"column":67}},"11":{"start":{"line":17,"column":34},"end":{"line":45,"column":6}},"12":{"start":{"line":47,"column":4},"end":{"line":47,"column":28}},"13":{"start":{"line":50,"column":24},"end":{"line":50,"column":88}},"14":{"start":{"line":50,"column":51},"end":{"line":50,"column":67}},"15":{"start":{"line":52,"column":2},"end":{"line":106,"column":4}},"16":{"start":{"line":83,"column":12},"end":{"line":83,"column":34}},"17":{"start":{"line":9,"column":13},"end":{"line":9,"column":30}}},"fnMap":{"0":{"name":"(anonymous_0)","decl":{"start":{"line":9,"column":30},"end":{"line":9,"column":33}},"loc":{"start":{"line":9,"column":35},"end":{"line":107,"column":1}}},"1":{"name":"(anonymous_1)","decl":{"start":{"line":12,"column":12},"end":{"line":12,"column":15}},"loc":{"start":{"line":12,"column":17},"end":{"line":48,"column":3}}},"2":{"name":"(anonymous_2)","decl":{"start":{"line":50,"column":39},"end":{"line":50,"column":40}},"loc":{"start":{"line":50,"column":51},"end":{"line":50,"column":67}}},"3":{"name":"(anonymous_3)","decl":{"start":{"line":82,"column":23},"end":{"line":82,"column":24}},"loc":{"start":{"line":83,"column":12},"end":{"line":83,"column":34}}}},"branchMap":{"0":{"loc":{"start":{"line":15,"column":21},"end":{"line":15,"column":67}},"type":"cond-expr","locations":[{"start":{"line":15,"column":37},"end":{"line":15,"column":62}},{"start":{"line":15,"column":65},"end":{"line":15,"column":67}}]},"1":{"loc":{"start":{"line":24,"column":18},"end":{"line":24,"column":36}},"type":"binary-expr","locations":[{"start":{"line":24,"column":18},"end":{"line":24,"column":31}},{"start":{"line":24,"column":35},"end":{"line":24,"column":36}}]},"2":{"loc":{"start":{"line":33,"column":18},"end":{"line":33,"column":39}},"type":"binary-expr","locations":[{"start":{"line":33,"column":18},"end":{"line":33,"column":34}},{"start":{"line":33,"column":38},"end":{"line":33,"column":39}}]},"3":{"loc":{"start":{"line":42,"column":18},"end":{"line":42,"column":38}},"type":"binary-expr","locations":[{"start":{"line":42,"column":18},"end":{"line":42,"column":33}},{"start":{"line":42,"column":37},"end":{"line":42,"column":38}}]},"4":{"loc":{"start":{"line":71,"column":9},"end":{"line":74,"column":null}},"type":"binary-expr","locations":[{"start":{"line":71,"column":9},"end":{"line":71,"column":30}},{"start":{"line":72,"column":10},"end":{"line":72,"column":null}}]},"5":{"loc":{"start":{"line":83,"column":42},"end":{"line":83,"column":130}},"type":"cond-expr","locations":[{"start":{"line":83,"column":65},"end":{"line":83,"column":78}},{"start":{"line":83,"column":81},"end":{"line":83,"column":130}}]},"6":{"loc":{"start":{"line":83,"column":81},"end":{"line":83,"column":130}},"type":"cond-expr","locations":[{"start":{"line":83,"column":107},"end":{"line":83,"column":117}},{"start":{"line":83,"column":120},"end":{"line":83,"column":130}}]},"7":{"loc":{"start":{"line":92,"column":36},"end":{"line":92,"column":83}},"type":"cond-expr","locations":[{"start":{"line":92,"column":62},"end":{"line":92,"column":71}},{"start":{"line":92,"column":74},"end":{"line":92,"column":83}}]}},"s":{"0":1,"1":1,"2":1,"3":1,"4":1,"5":1,"6":1,"7":2,"8":2,"9":1,"10":1,"11":1,"12":1,"13":2,"14":3,"15":2,"16":3,"17":1},"f":{"0":2,"1":1,"2":3,"3":3},"b":{"0":[0,1],"1":[1,1],"2":[1,1],"3":[1,1],"4":[2,0],"5":[1,2],"6":[1,1],"7":[0,3]}}
,"C:\\integracion_continua\\src\\pages\\Math\\MathModule.tsx": {"path":"C:\\integracion_continua\\src\\pages\\Math\\MathModule.tsx","statementMap":{"0":{"start":{"line":29,"column":0},"end":{"line":29,"column":16}},"1":{"start":{"line":1,"column":0},"end":{"line":1,"column":44}},"2":{"start":{"line":2,"column":0},"end":{"line":2,"column":95}},"3":{"start":{"line":3,"column":0},"end":{"line":3,"column":48}},"4":{"start":{"line":4,"column":0},"end":{"line":4,"column":52}},"5":{"start":{"line":5,"column":0},"end":{"line":5,"column":50}},"6":{"start":{"line":6,"column":0},"end":{"line":6,"column":62}},"7":{"start":{"line":7,"column":0},"end":{"line":7,"column":null}},"8":{"start":{"line":30,"column":26},"end":{"line":30,"column":54}},"9":{"start":{"line":31,"column":44},"end":{"line":31,"column":73}},"10":{"start":{"line":32,"column":30},"end":{"line":32,"column":66}},"11":{"start":{"line":33,"column":30},"end":{"line":33,"column":70}},"12":{"start":{"line":34,"column":28},"end":{"line":34,"column":48}},"13":{"start":{"line":35,"column":46},"end":{"line":35,"column":57}},"14":{"start":{"line":38,"column":36},"end":{"line":38,"column":64}},"15":{"start":{"line":39,"column":58},"end":{"line":39,"column":69}},"16":{"start":{"line":40,"column":38},"end":{"line":40,"column":50}},"17":{"start":{"line":41,"column":28},"end":{"line":41,"column":39}},"18":{"start":{"line":42,"column":34},"end":{"line":42,"column":47}},"19":{"start":{"line":43,"column":52},"end":{"line":43,"column":67}},"20":{"start":{"line":44,"column":42},"end":{"line":44,"column":57}},"21":{"start":{"line":45,"column":36},"end":{"line":45,"column":51}},"22":{"start":{"line":48,"column":2},"end":{"line":57,"column":9}},"23":{"start":{"line":49,"column":21},"end":{"line":49,"column":59}},"24":{"start":{"line":50,"column":4},"end":{"line":56,"column":5}},"25":{"start":{"line":51,"column":21},"end":{"line":51,"column":41}},"26":{"start":{"line":52,"column":25},"end":{"line":52,"column":65}},"27":{"start":{"line":52,"column":49},"end":{"line":52,"column":64}},"28":{"start":{"line":53,"column":6},"end":{"line":55,"column":7}},"29":{"start":{"line":54,"column":8},"end":{"line":54,"column":47}},"30":{"start":{"line":60,"column":2},"end":{"line":68,"column":42}},"31":{"start":{"line":61,"column":4},"end":{"line":64,"column":5}},"32":{"start":{"line":62,"column":20},"end":{"line":62,"column":69}},"33":{"start":{"line":62,"column":37},"end":{"line":62,"column":62}},"34":{"start":{"line":63,"column":6},"end":{"line":63,"column":39}},"35":{"start":{"line":63,"column":19},"end":{"line":63,"column":38}},"36":{"start":{"line":65,"column":4},"end":{"line":67,"column":5}},"37":{"start":{"line":66,"column":6},"end":{"line":66,"column":24}},"38":{"start":{"line":70,"column":17},"end":{"line":77,"column":4}},"39":{"start":{"line":79,"column":25},"end":{"line":109,"column":3}},"40":{"start":{"line":80,"column":4},"end":{"line":108,"column":5}},"41":{"start":{"line":82,"column":8},"end":{"line":82,"column":75}},"42":{"start":{"line":84,"column":8},"end":{"line":87,"column":10}},"43":{"start":{"line":89,"column":8},"end":{"line":89,"column":78}},"44":{"start":{"line":91,"column":8},"end":{"line":94,"column":10}},"45":{"start":{"line":96,"column":8},"end":{"line":100,"column":10}},"46":{"start":{"line":102,"column":8},"end":{"line":105,"column":10}},"47":{"start":{"line":107,"column":8},"end":{"line":107,"column":18}},"48":{"start":{"line":111,"column":26},"end":{"line":163,"column":3}},"49":{"start":{"line":112,"column":4},"end":{"line":112,"column":17}},"50":{"start":{"line":113,"column":4},"end":{"line":113,"column":20}},"51":{"start":{"line":115,"column":24},"end":{"line":115,"column":53}},"52":{"start":{"line":116,"column":43},"end":{"line":116,"column":45}},"53":{"start":{"line":119,"column":4},"end":{"line":126,"column":5}},"54":{"start":{"line":120,"column":20},"end":{"line":120,"column":49}},"55":{"start":{"line":121,"column":6},"end":{"line":124,"column":7}},"56":{"start":{"line":122,"column":8},"end":{"line":122,"column":88}},"57":{"start":{"line":123,"column":8},"end":{"line":123,"column":15}},"58":{"start":{"line":125,"column":6},"end":{"line":125,"column":32}},"59":{"start":{"line":128,"column":4},"end":{"line":162,"column":5}},"60":{"start":{"line":131,"column":6},"end":{"line":152,"column":7}},"61":{"start":{"line":133,"column":10},"end":{"line":133,"column":59}},"62":{"start":{"line":134,"column":10},"end":{"line":134,"column":16}},"63":{"start":{"line":136,"column":10},"end":{"line":136,"column":78}},"64":{"start":{"line":137,"column":10},"end":{"line":137,"column":16}},"65":{"start":{"line":139,"column":10},"end":{"line":139,"column":61}},"66":{"start":{"line":140,"column":10},"end":{"line":140,"column":16}},"67":{"start":{"line":142,"column":10},"end":{"line":142,"column":88}},"68":{"start":{"line":143,"column":10},"end":{"line":143,"column":16}},"69":{"start":{"line":145,"column":10},"end":{"line":145,"column":97}},"70":{"start":{"line":146,"column":10},"end":{"line":146,"column":16}},"71":{"start":{"line":148,"column":10},"end":{"line":148,"column":99}},"72":{"start":{"line":149,"column":10},"end":{"line":149,"column":16}},"73":{"start":{"line":151,"column":10},"end":{"line":151,"column":49}},"74":{"start":{"line":154,"column":6},"end":{"line":154,"column":35}},"75":{"start":{"line":157,"column":6},"end":{"line":159,"column":7}},"76":{"start":{"line":158,"column":8},"end":{"line":158,"column":33}},"77":{"start":{"line":161,"column":6},"end":{"line":161,"column":75}},"78":{"start":{"line":165,"column":31},"end":{"line":178,"column":3}},"79":{"start":{"line":166,"column":19},"end":{"line":166,"column":57}},"80":{"start":{"line":167,"column":20},"end":{"line":167,"column":52}},"81":{"start":{"line":168,"column":22},"end":{"line":168,"column":68}},"82":{"start":{"line":168,"column":52},"end":{"line":168,"column":67}},"83":{"start":{"line":170,"column":4},"end":{"line":174,"column":5}},"84":{"start":{"line":171,"column":6},"end":{"line":171,"column":45}},"85":{"start":{"line":173,"column":6},"end":{"line":173,"column":45}},"86":{"start":{"line":176,"column":4},"end":{"line":176,"column":68}},"87":{"start":{"line":177,"column":4},"end":{"line":177,"column":32}},"88":{"start":{"line":180,"column":28},"end":{"line":262,"column":3}},"89":{"start":{"line":181,"column":41},"end":{"line":181,"column":43}},"90":{"start":{"line":182,"column":13},"end":{"line":182,"column":14}},"91":{"start":{"line":185,"column":32},"end":{"line":185,"column":111}},"92":{"start":{"line":187,"column":4},"end":{"line":259,"column":5}},"93":{"start":{"line":187,"column":17},"end":{"line":187,"column":18}},"94":{"start":{"line":188,"column":20},"end":{"line":188,"column":69}},"95":{"start":{"line":189,"column":25},"end":{"line":189,"column":67}},"96":{"start":{"line":191,"column":21},"end":{"line":191,"column":23}},"97":{"start":{"line":192,"column":43},"end":{"line":192,"column":45}},"98":{"start":{"line":193,"column":26},"end":{"line":193,"column":27}},"99":{"start":{"line":195,"column":6},"end":{"line":249,"column":7}},"100":{"start":{"line":197,"column":23},"end":{"line":197,"column":57}},"101":{"start":{"line":198,"column":10},"end":{"line":198,"column":28}},"102":{"start":{"line":199,"column":23},"end":{"line":199,"column":44}},"103":{"start":{"line":200,"column":10},"end":{"line":200,"column":77}},"104":{"start":{"line":201,"column":10},"end":{"line":201,"column":126}},"105":{"start":{"line":202,"column":10},"end":{"line":202,"column":16}},"106":{"start":{"line":205,"column":25},"end":{"line":205,"column":59}},"107":{"start":{"line":206,"column":24},"end":{"line":206,"column":58}},"108":{"start":{"line":207,"column":10},"end":{"line":207,"column":37}},"109":{"start":{"line":208,"column":23},"end":{"line":208,"column":56}},"110":{"start":{"line":209,"column":10},"end":{"line":209,"column":77}},"111":{"start":{"line":210,"column":10},"end":{"line":210,"column":132}},"112":{"start":{"line":211,"column":10},"end":{"line":211,"column":16}},"113":{"start":{"line":214,"column":25},"end":{"line":214,"column":58}},"114":{"start":{"line":215,"column":10},"end":{"line":215,"column":30}},"115":{"start":{"line":216,"column":23},"end":{"line":216,"column":46}},"116":{"start":{"line":217,"column":10},"end":{"line":217,"column":77}},"117":{"start":{"line":218,"column":10},"end":{"line":218,"column":153}},"118":{"start":{"line":219,"column":10},"end":{"line":219,"column":16}},"119":{"start":{"line":222,"column":23},"end":{"line":222,"column":57}},"120":{"start":{"line":223,"column":25},"end":{"line":223,"column":59}},"121":{"start":{"line":224,"column":10},"end":{"line":224,"column":36}},"122":{"start":{"line":225,"column":23},"end":{"line":225,"column":66}},"123":{"start":{"line":226,"column":10},"end":{"line":226,"column":36}},"124":{"start":{"line":227,"column":10},"end":{"line":227,"column":100}},"125":{"start":{"line":228,"column":10},"end":{"line":228,"column":16}},"126":{"start":{"line":231,"column":20},"end":{"line":231,"column":21}},"127":{"start":{"line":232,"column":20},"end":{"line":232,"column":21}},"128":{"start":{"line":233,"column":20},"end":{"line":233,"column":21}},"129":{"start":{"line":234,"column":10},"end":{"line":234,"column":52}},"130":{"start":{"line":235,"column":23},"end":{"line":235,"column":56}},"131":{"start":{"line":236,"column":10},"end":{"line":236,"column":77}},"132":{"start":{"line":237,"column":10},"end":{"line":237,"column":151}},"133":{"start":{"line":238,"column":10},"end":{"line":238,"column":16}},"134":{"start":{"line":241,"column":24},"end":{"line":241,"column":25}},"135":{"start":{"line":242,"column":29},"end":{"line":242,"column":62}},"136":{"start":{"line":243,"column":10},"end":{"line":243,"column":41}},"137":{"start":{"line":244,"column":23},"end":{"line":244,"column":65}},"138":{"start":{"line":245,"column":10},"end":{"line":245,"column":77}},"139":{"start":{"line":246,"column":10},"end":{"line":246,"column":166}},"140":{"start":{"line":247,"column":10},"end":{"line":247,"column":16}},"141":{"start":{"line":251,"column":6},"end":{"line":258,"column":9}},"142":{"start":{"line":261,"column":4},"end":{"line":261,"column":24}},"143":{"start":{"line":264,"column":25},"end":{"line":274,"column":3}},"144":{"start":{"line":265,"column":25},"end":{"line":265,"column":44}},"145":{"start":{"line":266,"column":4},"end":{"line":266,"column":31}},"146":{"start":{"line":267,"column":4},"end":{"line":267,"column":31}},"147":{"start":{"line":268,"column":4},"end":{"line":268,"column":16}},"148":{"start":{"line":269,"column":4},"end":{"line":269,"column":21}},"149":{"start":{"line":270,"column":4},"end":{"line":270,"column":32}},"150":{"start":{"line":271,"column":4},"end":{"line":271,"column":22}},"151":{"start":{"line":272,"column":4},"end":{"line":272,"column":27}},"152":{"start":{"line":273,"column":4},"end":{"line":273,"column":25}},"153":{"start":{"line":276,"column":23},"end":{"line":297,"column":3}},"154":{"start":{"line":277,"column":28},"end":{"line":277,"column":59}},"155":{"start":{"line":278,"column":26},"end":{"line":278,"column":48}},"156":{"start":{"line":279,"column":20},"end":{"line":279,"column":81}},"157":{"start":{"line":281,"column":4},"end":{"line":281,"column":26}},"158":{"start":{"line":282,"column":4},"end":{"line":282,"column":26}},"159":{"start":{"line":284,"column":4},"end":{"line":286,"column":5}},"160":{"start":{"line":285,"column":6},"end":{"line":285,"column":26}},"161":{"start":{"line":288,"column":4},"end":{"line":296,"column":13}},"162":{"start":{"line":289,"column":6},"end":{"line":295,"column":7}},"163":{"start":{"line":290,"column":8},"end":{"line":290,"column":58}},"164":{"start":{"line":291,"column":8},"end":{"line":291,"column":26}},"165":{"start":{"line":292,"column":8},"end":{"line":292,"column":31}},"166":{"start":{"line":294,"column":8},"end":{"line":294,"column":26}},"167":{"start":{"line":299,"column":26},"end":{"line":307,"column":3}},"168":{"start":{"line":300,"column":4},"end":{"line":300,"column":31}},"169":{"start":{"line":301,"column":23},"end":{"line":301,"column":55}},"170":{"start":{"line":304,"column":4},"end":{"line":306,"column":5}},"171":{"start":{"line":305,"column":6},"end":{"line":305,"column":32}},"172":{"start":{"line":309,"column":21},"end":{"line":313,"column":3}},"173":{"start":{"line":310,"column":17},"end":{"line":310,"column":41}},"174":{"start":{"line":311,"column":17},"end":{"line":311,"column":29}},"175":{"start":{"line":312,"column":4},"end":{"line":312,"column":57}},"176":{"start":{"line":315,"column":2},"end":{"line":398,"column":3}},"177":{"start":{"line":316,"column":28},"end":{"line":316,"column":59}},"178":{"start":{"line":318,"column":4},"end":{"line":397,"column":6}},"179":{"start":{"line":323,"column":55},"end":{"line":323,"column":76}},"180":{"start":{"line":354,"column":35},"end":{"line":354,"column":64}},"181":{"start":{"line":357,"column":37},"end":{"line":357,"column":72}},"182":{"start":{"line":400,"column":2},"end":{"line":437,"column":3}},"183":{"start":{"line":401,"column":23},"end":{"line":401,"column":55}},"184":{"start":{"line":402,"column":19},"end":{"line":402,"column":35}},"185":{"start":{"line":404,"column":4},"end":{"line":436,"column":6}},"186":{"start":{"line":429,"column":37},"end":{"line":429,"column":58}},"187":{"start":{"line":439,"column":2},"end":{"line":602,"column":4}},"188":{"start":{"line":460,"column":12},"end":{"line":461,"column":null}},"189":{"start":{"line":463,"column":16},"end":{"line":463,"column":43}},"190":{"start":{"line":464,"column":16},"end":{"line":464,"column":30}},"191":{"start":{"line":465,"column":16},"end":{"line":465,"column":32}},"192":{"start":{"line":466,"column":16},"end":{"line":466,"column":29}},"193":{"start":{"line":484,"column":34},"end":{"line":484,"column":56}},"194":{"start":{"line":490,"column":16},"end":{"line":490,"column":null}},"195":{"start":{"line":497,"column":37},"end":{"line":497,"column":90}},"196":{"start":{"line":526,"column":63},"end":{"line":526,"column":92}},"197":{"start":{"line":551,"column":30},"end":{"line":551,"column":43}},"198":{"start":{"line":572,"column":30},"end":{"line":572,"column":43}}},"fnMap":{"0":{"name":"MathModule","decl":{"start":{"line":29,"column":16},"end":{"line":29,"column":26}},"loc":{"start":{"line":29,"column":26},"end":{"line":603,"column":1}}},"1":{"name":"(anonymous_1)","decl":{"start":{"line":48,"column":12},"end":{"line":48,"column":15}},"loc":{"start":{"line":48,"column":17},"end":{"line":57,"column":3}}},"2":{"name":"(anonymous_2)","decl":{"start":{"line":52,"column":37},"end":{"line":52,"column":38}},"loc":{"start":{"line":52,"column":49},"end":{"line":52,"column":64}}},"3":{"name":"(anonymous_3)","decl":{"start":{"line":60,"column":12},"end":{"line":60,"column":15}},"loc":{"start":{"line":60,"column":17},"end":{"line":68,"column":3}}},"4":{"name":"(anonymous_4)","decl":{"start":{"line":62,"column":31},"end":{"line":62,"column":34}},"loc":{"start":{"line":62,"column":37},"end":{"line":62,"column":62}}},"5":{"name":"(anonymous_5)","decl":{"start":{"line":63,"column":13},"end":{"line":63,"column":16}},"loc":{"start":{"line":63,"column":19},"end":{"line":63,"column":38}}},"6":{"name":"(anonymous_6)","decl":{"start":{"line":79,"column":25},"end":{"line":79,"column":26}},"loc":{"start":{"line":79,"column":106},"end":{"line":109,"column":3}}},"7":{"name":"(anonymous_7)","decl":{"start":{"line":111,"column":26},"end":{"line":111,"column":29}},"loc":{"start":{"line":111,"column":31},"end":{"line":163,"column":3}}},"8":{"name":"(anonymous_8)","decl":{"start":{"line":165,"column":31},"end":{"line":165,"column":32}},"loc":{"start":{"line":165,"column":52},"end":{"line":178,"column":3}}},"9":{"name":"(anonymous_9)","decl":{"start":{"line":168,"column":40},"end":{"line":168,"column":41}},"loc":{"start":{"line":168,"column":52},"end":{"line":168,"column":67}}},"10":{"name":"(anonymous_10)","decl":{"start":{"line":180,"column":28},"end":{"line":180,"column":47}},"loc":{"start":{"line":180,"column":49},"end":{"line":262,"column":3}}},"11":{"name":"(anonymous_11)","decl":{"start":{"line":264,"column":25},"end":{"line":264,"column":28}},"loc":{"start":{"line":264,"column":30},"end":{"line":274,"column":3}}},"12":{"name":"(anonymous_12)","decl":{"start":{"line":276,"column":23},"end":{"line":276,"column":26}},"loc":{"start":{"line":276,"column":28},"end":{"line":297,"column":3}}},"13":{"name":"(anonymous_13)","decl":{"start":{"line":288,"column":15},"end":{"line":288,"column":18}},"loc":{"start":{"line":288,"column":20},"end":{"line":296,"column":5}}},"14":{"name":"(anonymous_14)","decl":{"start":{"line":299,"column":26},"end":{"line":299,"column":29}},"loc":{"start":{"line":299,"column":31},"end":{"line":307,"column":3}}},"15":{"name":"(anonymous_15)","decl":{"start":{"line":309,"column":21},"end":{"line":309,"column":22}},"loc":{"start":{"line":309,"column":41},"end":{"line":313,"column":3}}},"16":{"name":"(anonymous_16)","decl":{"start":{"line":323,"column":49},"end":{"line":323,"column":52}},"loc":{"start":{"line":323,"column":55},"end":{"line":323,"column":76}}},"17":{"name":"(anonymous_17)","decl":{"start":{"line":354,"column":28},"end":{"line":354,"column":29}},"loc":{"start":{"line":354,"column":35},"end":{"line":354,"column":64}}},"18":{"name":"(anonymous_18)","decl":{"start":{"line":357,"column":30},"end":{"line":357,"column":31}},"loc":{"start":{"line":357,"column":37},"end":{"line":357,"column":72}}},"19":{"name":"(anonymous_19)","decl":{"start":{"line":429,"column":31},"end":{"line":429,"column":34}},"loc":{"start":{"line":429,"column":37},"end":{"line":429,"column":58}}},"20":{"name":"(anonymous_20)","decl":{"start":{"line":459,"column":22},"end":{"line":459,"column":23}},"loc":{"start":{"line":460,"column":12},"end":{"line":461,"column":null}}},"21":{"name":"(anonymous_21)","decl":{"start":{"line":462,"column":23},"end":{"line":462,"column":26}},"loc":{"start":{"line":462,"column":28},"end":{"line":467,"column":15}}},"22":{"name":"(anonymous_22)","decl":{"start":{"line":484,"column":27},"end":{"line":484,"column":28}},"loc":{"start":{"line":484,"column":34},"end":{"line":484,"column":56}}},"23":{"name":"(anonymous_23)","decl":{"start":{"line":489,"column":49},"end":{"line":489,"column":50}},"loc":{"start":{"line":490,"column":16},"end":{"line":490,"column":null}}},"24":{"name":"(anonymous_24)","decl":{"start":{"line":497,"column":30},"end":{"line":497,"column":31}},"loc":{"start":{"line":497,"column":37},"end":{"line":497,"column":90}}},"25":{"name":"(anonymous_25)","decl":{"start":{"line":526,"column":45},"end":{"line":526,"column":46}},"loc":{"start":{"line":526,"column":63},"end":{"line":526,"column":92}}},"26":{"name":"(anonymous_26)","decl":{"start":{"line":550,"column":51},"end":{"line":550,"column":52}},"loc":{"start":{"line":551,"column":30},"end":{"line":551,"column":43}}},"27":{"name":"(anonymous_27)","decl":{"start":{"line":571,"column":56},"end":{"line":571,"column":57}},"loc":{"start":{"line":572,"column":30},"end":{"line":572,"column":43}}}},"branchMap":{"0":{"loc":{"start":{"line":50,"column":4},"end":{"line":56,"column":5}},"type":"if","locations":[{"start":{"line":50,"column":4},"end":{"line":56,"column":5}},{"start":{},"end":{}}]},"1":{"loc":{"start":{"line":53,"column":6},"end":{"line":55,"column":7}},"type":"if","locations":[{"start":{"line":53,"column":6},"end":{"line":55,"column":7}},{"start":{},"end":{}}]},"2":{"loc":{"start":{"line":61,"column":4},"end":{"line":64,"column":5}},"type":"if","locations":[{"start":{"line":61,"column":4},"end":{"line":64,"column":5}},{"start":{},"end":{}}]},"3":{"loc":{"start":{"line":61,"column":8},"end":{"line":61,"column":66}},"type":"binary-expr","locations":[{"start":{"line":61,"column":8},"end":{"line":61,"column":28}},{"start":{"line":61,"column":32},"end":{"line":61,"column":44}},{"start":{"line":61,"column":48},"end":{"line":61,"column":66}}]},"4":{"loc":{"start":{"line":65,"column":4},"end":{"line":67,"column":5}},"type":"if","locations":[{"start":{"line":65,"column":4},"end":{"line":67,"column":5}},{"start":{},"end":{}}]},"5":{"loc":{"start":{"line":65,"column":8},"end":{"line":65,"column":44}},"type":"binary-expr","locations":[{"start":{"line":65,"column":8},"end":{"line":65,"column":22}},{"start":{"line":65,"column":26},"end":{"line":65,"column":44}}]},"6":{"loc":{"start":{"line":80,"column":4},"end":{"line":108,"column":5}},"type":"switch","locations":[{"start":{"line":81,"column":6},"end":{"line":82,"column":75}},{"start":{"line":83,"column":6},"end":{"line":87,"column":10}},{"start":{"line":88,"column":6},"end":{"line":89,"column":78}},{"start":{"line":90,"column":6},"end":{"line":94,"column":10}},{"start":{"line":95,"column":6},"end":{"line":100,"column":10}},{"start":{"line":101,"column":6},"end":{"line":105,"column":10}},{"start":{"line":106,"column":6},"end":{"line":107,"column":18}}]},"7":{"loc":{"start":{"line":121,"column":6},"end":{"line":124,"column":7}},"type":"if","locations":[{"start":{"line":121,"column":6},"end":{"line":124,"column":7}},{"start":{},"end":{}}]},"8":{"loc":{"start":{"line":121,"column":10},"end":{"line":121,"column":36}},"type":"binary-expr","locations":[{"start":{"line":121,"column":10},"end":{"line":121,"column":22}},{"start":{"line":121,"column":26},"end":{"line":121,"column":36}}]},"9":{"loc":{"start":{"line":131,"column":6},"end":{"line":152,"column":7}},"type":"switch","locations":[{"start":{"line":132,"column":8},"end":{"line":134,"column":16}},{"start":{"line":135,"column":8},"end":{"line":137,"column":16}},{"start":{"line":138,"column":8},"end":{"line":140,"column":16}},{"start":{"line":141,"column":8},"end":{"line":143,"column":16}},{"start":{"line":144,"column":8},"end":{"line":146,"column":16}},{"start":{"line":147,"column":8},"end":{"line":149,"column":16}},{"start":{"line":150,"column":8},"end":{"line":151,"column":49}}]},"10":{"loc":{"start":{"line":157,"column":6},"end":{"line":159,"column":7}},"type":"if","locations":[{"start":{"line":157,"column":6},"end":{"line":159,"column":7}},{"start":{},"end":{}}]},"11":{"loc":{"start":{"line":161,"column":15},"end":{"line":161,"column":73}},"type":"cond-expr","locations":[{"start":{"line":161,"column":38},"end":{"line":161,"column":49}},{"start":{"line":161,"column":52},"end":{"line":161,"column":73}}]},"12":{"loc":{"start":{"line":167,"column":20},"end":{"line":167,"column":52}},"type":"cond-expr","locations":[{"start":{"line":167,"column":29},"end":{"line":167,"column":47}},{"start":{"line":167,"column":50},"end":{"line":167,"column":52}}]},"13":{"loc":{"start":{"line":170,"column":4},"end":{"line":174,"column":5}},"type":"if","locations":[{"start":{"line":170,"column":4},"end":{"line":174,"column":5}},{"start":{"line":172,"column":11},"end":{"line":174,"column":5}}]},"14":{"loc":{"start":{"line":189,"column":25},"end":{"line":189,"column":67}},"type":"cond-expr","locations":[{"start":{"line":189,"column":47},"end":{"line":189,"column":53}},{"start":{"line":189,"column":56},"end":{"line":189,"column":67}}]},"15":{"loc":{"start":{"line":195,"column":6},"end":{"line":249,"column":7}},"type":"switch","locations":[{"start":{"line":196,"column":8},"end":{"line":203,"column":9}},{"start":{"line":204,"column":8},"end":{"line":212,"column":9}},{"start":{"line":213,"column":8},"end":{"line":220,"column":9}},{"start":{"line":221,"column":8},"end":{"line":229,"column":9}},{"start":{"line":230,"column":8},"end":{"line":239,"column":9}},{"start":{"line":240,"column":8},"end":{"line":248,"column":9}}]},"16":{"loc":{"start":{"line":200,"column":26},"end":{"line":200,"column":76}},"type":"cond-expr","locations":[{"start":{"line":200,"column":50},"end":{"line":200,"column":59}},{"start":{"line":200,"column":62},"end":{"line":200,"column":76}}]},"17":{"loc":{"start":{"line":201,"column":35},"end":{"line":201,"column":79}},"type":"cond-expr","locations":[{"start":{"line":201,"column":59},"end":{"line":201,"column":65}},{"start":{"line":201,"column":68},"end":{"line":201,"column":79}}]},"18":{"loc":{"start":{"line":209,"column":26},"end":{"line":209,"column":76}},"type":"cond-expr","locations":[{"start":{"line":209,"column":50},"end":{"line":209,"column":59}},{"start":{"line":209,"column":62},"end":{"line":209,"column":76}}]},"19":{"loc":{"start":{"line":210,"column":35},"end":{"line":210,"column":79}},"type":"cond-expr","locations":[{"start":{"line":210,"column":59},"end":{"line":210,"column":65}},{"start":{"line":210,"column":68},"end":{"line":210,"column":79}}]},"20":{"loc":{"start":{"line":217,"column":26},"end":{"line":217,"column":76}},"type":"cond-expr","locations":[{"start":{"line":217,"column":50},"end":{"line":217,"column":59}},{"start":{"line":217,"column":62},"end":{"line":217,"column":76}}]},"21":{"loc":{"start":{"line":218,"column":35},"end":{"line":218,"column":79}},"type":"cond-expr","locations":[{"start":{"line":218,"column":59},"end":{"line":218,"column":65}},{"start":{"line":218,"column":68},"end":{"line":218,"column":79}}]},"22":{"loc":{"start":{"line":236,"column":26},"end":{"line":236,"column":76}},"type":"cond-expr","locations":[{"start":{"line":236,"column":50},"end":{"line":236,"column":59}},{"start":{"line":236,"column":62},"end":{"line":236,"column":76}}]},"23":{"loc":{"start":{"line":237,"column":35},"end":{"line":237,"column":79}},"type":"cond-expr","locations":[{"start":{"line":237,"column":59},"end":{"line":237,"column":65}},{"start":{"line":237,"column":68},"end":{"line":237,"column":79}}]},"24":{"loc":{"start":{"line":245,"column":26},"end":{"line":245,"column":76}},"type":"cond-expr","locations":[{"start":{"line":245,"column":50},"end":{"line":245,"column":59}},{"start":{"line":245,"column":62},"end":{"line":245,"column":76}}]},"25":{"loc":{"start":{"line":246,"column":35},"end":{"line":246,"column":79}},"type":"cond-expr","locations":[{"start":{"line":246,"column":59},"end":{"line":246,"column":65}},{"start":{"line":246,"column":68},"end":{"line":246,"column":79}}]},"26":{"loc":{"start":{"line":284,"column":4},"end":{"line":286,"column":5}},"type":"if","locations":[{"start":{"line":284,"column":4},"end":{"line":286,"column":5}},{"start":{},"end":{}}]},"27":{"loc":{"start":{"line":289,"column":6},"end":{"line":295,"column":7}},"type":"if","locations":[{"start":{"line":289,"column":6},"end":{"line":295,"column":7}},{"start":{"line":293,"column":13},"end":{"line":295,"column":7}}]},"28":{"loc":{"start":{"line":304,"column":4},"end":{"line":306,"column":5}},"type":"if","locations":[{"start":{"line":304,"column":4},"end":{"line":306,"column":5}},{"start":{},"end":{}}]},"29":{"loc":{"start":{"line":315,"column":2},"end":{"line":398,"column":3}},"type":"if","locations":[{"start":{"line":315,"column":2},"end":{"line":398,"column":3}},{"start":{},"end":{}}]},"30":{"loc":{"start":{"line":315,"column":6},"end":{"line":315,"column":48}},"type":"binary-expr","locations":[{"start":{"line":315,"column":6},"end":{"line":315,"column":26}},{"start":{"line":315,"column":30},"end":{"line":315,"column":48}}]},"31":{"loc":{"start":{"line":330,"column":30},"end":{"line":330,"column":65}},"type":"cond-expr","locations":[{"start":{"line":330,"column":46},"end":{"line":330,"column":53}},{"start":{"line":330,"column":56},"end":{"line":330,"column":65}}]},"32":{"loc":{"start":{"line":344,"column":28},"end":{"line":344,"column":57}},"type":"binary-expr","locations":[{"start":{"line":344,"column":28},"end":{"line":344,"column":51}},{"start":{"line":344,"column":55},"end":{"line":344,"column":57}}]},"33":{"loc":{"start":{"line":349,"column":13},"end":{"line":387,"column":null}},"type":"cond-expr","locations":[{"start":{"line":350,"column":14},"end":{"line":367,"column":null}},{"start":{"line":370,"column":14},"end":{"line":386,"column":null}}]},"34":{"loc":{"start":{"line":357,"column":37},"end":{"line":357,"column":72}},"type":"binary-expr","locations":[{"start":{"line":357,"column":37},"end":{"line":357,"column":54}},{"start":{"line":357,"column":58},"end":{"line":357,"column":72}}]},"35":{"loc":{"start":{"line":370,"column":48},"end":{"line":370,"column":89}},"type":"cond-expr","locations":[{"start":{"line":370,"column":60},"end":{"line":370,"column":74}},{"start":{"line":370,"column":77},"end":{"line":370,"column":89}}]},"36":{"loc":{"start":{"line":372,"column":19},"end":{"line":381,"column":null}},"type":"cond-expr","locations":[{"start":{"line":373,"column":20},"end":{"line":375,"column":null}},{"start":{"line":378,"column":20},"end":{"line":380,"column":null}}]},"37":{"loc":{"start":{"line":393,"column":83},"end":{"line":393,"column":103}},"type":"cond-expr","locations":[{"start":{"line":393,"column":98},"end":{"line":393,"column":99}},{"start":{"line":393,"column":102},"end":{"line":393,"column":103}}]},"38":{"loc":{"start":{"line":400,"column":2},"end":{"line":437,"column":3}},"type":"if","locations":[{"start":{"line":400,"column":2},"end":{"line":437,"column":3}},{"start":{},"end":{}}]},"39":{"loc":{"start":{"line":400,"column":6},"end":{"line":400,"column":47}},"type":"binary-expr","locations":[{"start":{"line":400,"column":6},"end":{"line":400,"column":26}},{"start":{"line":400,"column":30},"end":{"line":400,"column":47}}]},"40":{"loc":{"start":{"line":408,"column":58},"end":{"line":408,"column":102}},"type":"cond-expr","locations":[{"start":{"line":408,"column":67},"end":{"line":408,"column":84}},{"start":{"line":408,"column":87},"end":{"line":408,"column":102}}]},"41":{"loc":{"start":{"line":410,"column":15},"end":{"line":410,"column":58}},"type":"cond-expr","locations":[{"start":{"line":410,"column":24},"end":{"line":410,"column":39}},{"start":{"line":410,"column":42},"end":{"line":410,"column":58}}]},"42":{"loc":{"start":{"line":415,"column":69},"end":{"line":415,"column":99}},"type":"cond-expr","locations":[{"start":{"line":415,"column":78},"end":{"line":415,"column":87}},{"start":{"line":415,"column":90},"end":{"line":415,"column":99}}]},"43":{"loc":{"start":{"line":419,"column":13},"end":{"line":422,"column":null}},"type":"binary-expr","locations":[{"start":{"line":419,"column":13},"end":{"line":419,"column":19}},{"start":{"line":420,"column":14},"end":{"line":420,"column":null}}]},"44":{"loc":{"start":{"line":469,"column":16},"end":{"line":471,"column":null}},"type":"cond-expr","locations":[{"start":{"line":470,"column":20},"end":{"line":470,"column":68}},{"start":{"line":471,"column":20},"end":{"line":471,"column":null}}]},"45":{"loc":{"start":{"line":496,"column":27},"end":{"line":496,"column":50}},"type":"binary-expr","locations":[{"start":{"line":496,"column":27},"end":{"line":496,"column":44}},{"start":{"line":496,"column":48},"end":{"line":496,"column":50}}]},"46":{"loc":{"start":{"line":507,"column":13},"end":{"line":510,"column":null}},"type":"binary-expr","locations":[{"start":{"line":507,"column":13},"end":{"line":507,"column":18}},{"start":{"line":508,"column":14},"end":{"line":509,"column":null}}]},"47":{"loc":{"start":{"line":526,"column":69},"end":{"line":526,"column":91}},"type":"binary-expr","locations":[{"start":{"line":526,"column":69},"end":{"line":526,"column":86}},{"start":{"line":526,"column":90},"end":{"line":526,"column":91}}]},"48":{"loc":{"start":{"line":533,"column":13},"end":{"line":580,"column":null}},"type":"binary-expr","locations":[{"start":{"line":533,"column":13},"end":{"line":533,"column":19}},{"start":{"line":534,"column":14},"end":{"line":579,"column":null}}]},"49":{"loc":{"start":{"line":539,"column":19},"end":{"line":556,"column":null}},"type":"binary-expr","locations":[{"start":{"line":539,"column":19},"end":{"line":539,"column":30}},{"start":{"line":540,"column":20},"end":{"line":555,"column":null}}]},"50":{"loc":{"start":{"line":546,"column":23},"end":{"line":554,"column":null}},"type":"binary-expr","locations":[{"start":{"line":546,"column":23},"end":{"line":546,"column":41}},{"start":{"line":547,"column":24},"end":{"line":553,"column":null}}]},"51":{"loc":{"start":{"line":560,"column":19},"end":{"line":577,"column":null}},"type":"binary-expr","locations":[{"start":{"line":560,"column":19},"end":{"line":560,"column":35}},{"start":{"line":561,"column":20},"end":{"line":576,"column":null}}]},"52":{"loc":{"start":{"line":567,"column":23},"end":{"line":575,"column":null}},"type":"binary-expr","locations":[{"start":{"line":567,"column":23},"end":{"line":567,"column":46}},{"start":{"line":568,"column":24},"end":{"line":574,"column":null}}]},"53":{"loc":{"start":{"line":586,"column":9},"end":{"line":598,"column":null}},"type":"binary-expr","locations":[{"start":{"line":586,"column":9},"end":{"line":586,"column":27}},{"start":{"line":587,"column":10},"end":{"line":597,"column":null}}]},"54":{"loc":{"start":{"line":595,"column":17},"end":{"line":595,"column":92}},"type":"binary-expr","locations":[{"start":{"line":595,"column":17},"end":{"line":595,"column":39}},{"start":{"line":595,"column":43},"end":{"line":595,"column":92}}]}},"s":{"0":1,"1":1,"2":1,"3":1,"4":1,"5":1,"6":1,"7":1,"8":0,"9":0,"10":0,"11":0,"12":0,"13":0,"14":0,"15":0,"16":0,"17":0,"18":0,"19":0,"20":0,"21":0,"22":0,"23":0,"24":0,"25":0,"26":0,"27":0,"28":0,"29":0,"30":0,"31":0,"32":0,"33":0,"34":0,"35":0,"36":0,"37":0,"38":0,"39":0,"40":0,"41":0,"42":0,"43":0,"44":0,"45":0,"46":0,"47":0,"48":0,"49":0,"50":0,"51":0,"52":0,"53":0,"54":0,"55":0,"56":0,"57":0,"58":0,"59":0,"60":0,"61":0,"62":0,"63":0,"64":0,"65":0,"66":0,"67":0,"68":0,"69":0,"70":0,"71":0,"72":0,"73":0,"74":0,"75":0,"76":0,"77":0,"78":0,"79":0,"80":0,"81":0,"82":0,"83":0,"84":0,"85":0,"86":0,"87":0,"88":0,"89":0,"90":0,"91":0,"92":0,"93":0,"94":0,"95":0,"96":0,"97":0,"98":0,"99":0,"100":0,"101":0,"102":0,"103":0,"104":0,"105":0,"106":0,"107":0,"108":0,"109":0,"110":0,"111":0,"112":0,"113":0,"114":0,"115":0,"116":0,"117":0,"118":0,"119":0,"120":0,"121":0,"122":0,"123":0,"124":0,"125":0,"126":0,"127":0,"128":0,"129":0,"130":0,"131":0,"132":0,"133":0,"134":0,"135":0,"136":0,"137":0,"138":0,"139":0,"140":0,"141":0,"142":0,"143":0,"144":0,"145":0,"146":0,"147":0,"148":0,"149":0,"150":0,"151":0,"152":0,"153":0,"154":0,"155":0,"156":0,"157":0,"158":0,"159":0,"160":0,"161":0,"162":0,"163":0,"164":0,"165":0,"166":0,"167":0,"168":0,"169":0,"170":0,"171":0,"172":0,"173":0,"174":0,"175":0,"176":0,"177":0,"178":0,"179":0,"180":0,"181":0,"182":0,"183":0,"184":0,"185":0,"186":0,"187":0,"188":0,"189":0,"190":0,"191":0,"192":0,"193":0,"194":0,"195":0,"196":0,"197":0,"198":0},"f":{"0":0,"1":0,"2":0,"3":0,"4":0,"5":0,"6":0,"7":0,"8":0,"9":0,"10":0,"11":0,"12":0,"13":0,"14":0,"15":0,"16":0,"17":0,"18":0,"19":0,"20":0,"21":0,"22":0,"23":0,"24":0,"25":0,"26":0,"27":0},"b":{"0":[0,0],"1":[0,0],"2":[0,0],"3":[0,0,0],"4":[0,0],"5":[0,0],"6":[0,0,0,0,0,0,0],"7":[0,0],"8":[0,0],"9":[0,0,0,0,0,0,0],"10":[0,0],"11":[0,0],"12":[0,0],"13":[0,0],"14":[0,0],"15":[0,0,0,0,0,0],"16":[0,0],"17":[0,0],"18":[0,0],"19":[0,0],"20":[0,0],"21":[0,0],"22":[0,0],"23":[0,0],"24":[0,0],"25":[0,0],"26":[0,0],"27":[0,0],"28":[0,0],"29":[0,0],"30":[0,0],"31":[0,0],"32":[0,0],"33":[0,0],"34":[0,0],"35":[0,0],"36":[0,0],"37":[0,0],"38":[0,0],"39":[0,0],"40":[0,0],"41":[0,0],"42":[0,0],"43":[0,0],"44":[0,0],"45":[0,0],"46":[0,0],"47":[0,0],"48":[0,0],"49":[0,0],"50":[0,0],"51":[0,0],"52":[0,0],"53":[0,0],"54":[0,0]}}
,"C:\\integracion_continua\\src\\pages\\Science\\ScienceModule.tsx": {"path":"C:\\integracion_continua\\src\\pages\\Science\\ScienceModule.tsx","statementMap":{"0":{"start":{"line":32,"column":0},"end":{"line":32,"column":16}},"1":{"start":{"line":1,"column":0},"end":{"line":1,"column":44}},"2":{"start":{"line":2,"column":0},"end":{"line":2,"column":91}},"3":{"start":{"line":3,"column":0},"end":{"line":3,"column":48}},"4":{"start":{"line":4,"column":0},"end":{"line":4,"column":52}},"5":{"start":{"line":5,"column":0},"end":{"line":5,"column":50}},"6":{"start":{"line":6,"column":0},"end":{"line":6,"column":52}},"7":{"start":{"line":7,"column":0},"end":{"line":7,"column":null}},"8":{"start":{"line":33,"column":21},"end":{"line":33,"column":103}},"9":{"start":{"line":34,"column":50},"end":{"line":34,"column":87}},"10":{"start":{"line":35,"column":48},"end":{"line":35,"column":86}},"11":{"start":{"line":36,"column":40},"end":{"line":36,"column":52}},"12":{"start":{"line":37,"column":46},"end":{"line":37,"column":61}},"13":{"start":{"line":38,"column":40},"end":{"line":38,"column":55}},"14":{"start":{"line":39,"column":26},"end":{"line":39,"column":51}},"15":{"start":{"line":40,"column":46},"end":{"line":40,"column":57}},"16":{"start":{"line":43,"column":36},"end":{"line":43,"column":64}},"17":{"start":{"line":44,"column":58},"end":{"line":44,"column":69}},"18":{"start":{"line":45,"column":46},"end":{"line":45,"column":58}},"19":{"start":{"line":46,"column":28},"end":{"line":46,"column":39}},"20":{"start":{"line":47,"column":42},"end":{"line":47,"column":57}},"21":{"start":{"line":48,"column":42},"end":{"line":48,"column":57}},"22":{"start":{"line":49,"column":36},"end":{"line":49,"column":51}},"23":{"start":{"line":52,"column":2},"end":{"line":61,"column":9}},"24":{"start":{"line":53,"column":21},"end":{"line":53,"column":59}},"25":{"start":{"line":54,"column":4},"end":{"line":60,"column":5}},"26":{"start":{"line":55,"column":21},"end":{"line":55,"column":41}},"27":{"start":{"line":56,"column":28},"end":{"line":56,"column":71}},"28":{"start":{"line":56,"column":52},"end":{"line":56,"column":70}},"29":{"start":{"line":57,"column":6},"end":{"line":59,"column":7}},"30":{"start":{"line":58,"column":8},"end":{"line":58,"column":50}},"31":{"start":{"line":64,"column":2},"end":{"line":83,"column":59}},"32":{"start":{"line":65,"column":17},"end":{"line":65,"column":25}},"33":{"start":{"line":68,"column":4},"end":{"line":70,"column":5}},"34":{"start":{"line":69,"column":6},"end":{"line":69,"column":51}},"35":{"start":{"line":73,"column":4},"end":{"line":75,"column":5}},"36":{"start":{"line":74,"column":6},"end":{"line":74,"column":56}},"37":{"start":{"line":78,"column":4},"end":{"line":80,"column":5}},"38":{"start":{"line":79,"column":6},"end":{"line":79,"column":50}},"39":{"start":{"line":82,"column":4},"end":{"line":82,"column":32}},"40":{"start":{"line":85,"column":31},"end":{"line":98,"column":3}},"41":{"start":{"line":86,"column":19},"end":{"line":86,"column":57}},"42":{"start":{"line":87,"column":20},"end":{"line":87,"column":52}},"43":{"start":{"line":88,"column":25},"end":{"line":88,"column":74}},"44":{"start":{"line":88,"column":55},"end":{"line":88,"column":73}},"45":{"start":{"line":90,"column":4},"end":{"line":94,"column":5}},"46":{"start":{"line":91,"column":6},"end":{"line":91,"column":48}},"47":{"start":{"line":93,"column":6},"end":{"line":93,"column":48}},"48":{"start":{"line":96,"column":4},"end":{"line":96,"column":68}},"49":{"start":{"line":97,"column":4},"end":{"line":97,"column":32}},"50":{"start":{"line":100,"column":28},"end":{"line":188,"column":3}},"51":{"start":{"line":101,"column":41},"end":{"line":101,"column":43}},"52":{"start":{"line":102,"column":29},"end":{"line":104,"column":18}},"53":{"start":{"line":103,"column":18},"end":{"line":103,"column":37}},"54":{"start":{"line":106,"column":4},"end":{"line":185,"column":7}},"55":{"start":{"line":107,"column":28},"end":{"line":173,"column":8}},"56":{"start":{"line":112,"column":27},"end":{"line":116,"column":35}},"57":{"start":{"line":113,"column":29},"end":{"line":113,"column":56}},"58":{"start":{"line":114,"column":26},"end":{"line":114,"column":45}},"59":{"start":{"line":116,"column":26},"end":{"line":116,"column":34}},"60":{"start":{"line":117,"column":12},"end":{"line":117,"column":79}},"61":{"start":{"line":117,"column":58},"end":{"line":117,"column":77}},"62":{"start":{"line":126,"column":27},"end":{"line":130,"column":33}},"63":{"start":{"line":127,"column":29},"end":{"line":127,"column":52}},"64":{"start":{"line":128,"column":26},"end":{"line":128,"column":45}},"65":{"start":{"line":130,"column":26},"end":{"line":130,"column":32}},"66":{"start":{"line":131,"column":12},"end":{"line":131,"column":77}},"67":{"start":{"line":131,"column":56},"end":{"line":131,"column":75}},"68":{"start":{"line":139,"column":28},"end":{"line":139,"column":88}},"69":{"start":{"line":139,"column":68},"end":{"line":139,"column":87}},"70":{"start":{"line":147,"column":27},"end":{"line":151,"column":45}},"71":{"start":{"line":148,"column":29},"end":{"line":148,"column":51}},"72":{"start":{"line":149,"column":26},"end":
[...]
d":{"line":75,"column":3}}},"5":{"name":"(anonymous_14)","decl":{"start":{"line":78,"column":18},"end":{"line":78,"column":21}},"loc":{"start":{"line":78,"column":23},"end":{"line":80,"column":3}}},"6":{"name":"(anonymous_15)","decl":{"start":{"line":82,"column":20},"end":{"line":82,"column":23}},"loc":{"start":{"line":82,"column":25},"end":{"line":84,"column":3}}},"7":{"name":"(anonymous_16)","decl":{"start":{"line":99,"column":19},"end":{"line":99,"column":22}},"loc":{"start":{"line":99,"column":25},"end":{"line":99,"column":47}}}},"branchMap":{"0":{"loc":{"start":{"line":13,"column":4},"end":{"line":13,"column":34}},"type":"if","locations":[{"start":{"line":13,"column":4},"end":{"line":13,"column":34}},{"start":{},"end":{}}]},"1":{"loc":{"start":{"line":53,"column":6},"end":{"line":56,"column":7}},"type":"if","locations":[{"start":{"line":53,"column":6},"end":{"line":56,"column":7}},{"start":{},"end":{}}]},"2":{"loc":{"start":{"line":53,"column":10},"end":{"line":53,"column":26}},"type":"binary-expr","locations":[{"start":{"line":53,"column":10},"end":{"line":53,"column":18}},{"start":{"line":53,"column":22},"end":{"line":53,"column":26}}]},"3":{"loc":{"start":{"line":70,"column":4},"end":{"line":74,"column":5}},"type":"if","locations":[{"start":{"line":70,"column":4},"end":{"line":74,"column":5}},{"start":{},"end":{}}]},"4":{"loc":{"start":{"line":79,"column":4},"end":{"line":79,"column":45}},"type":"if","locations":[{"start":{"line":79,"column":4},"end":{"line":79,"column":45}},{"start":{},"end":{}}]},"5":{"loc":{"start":{"line":83,"column":4},"end":{"line":83,"column":45}},"type":"if","locations":[{"start":{"line":83,"column":4},"end":{"line":83,"column":45}},{"start":{},"end":{}}]},"6":{"loc":{"start":{"line":102,"column":11},"end":{"line":102,"column":61}},"type":"cond-expr","locations":[{"start":{"line":102,"column":22},"end":{"line":102,"column":40}},{"start":{"line":102,"column":43},"end":{"line":102,"column":61}}]}},"s":{"0":0,"1":0,"2":0,"3":0,"4":0,"5":0,"6":0,"7":0,"8":0,"9":0,"10":0,"11":0,"12":0,"13":0,"14":0,"15":0,"16":0,"17":0,"18":0,"19":0,"20":0,"21":0,"22":0,"23":0,"24":0,"25":0,"26":0,"27":0,"28":0,"29":0,"30":0,"31":0,"32":0,"33":0,"34":0,"35":0,"36":0,"37":0,"38":0,"39":0,"40":0,"41":0,"42":0,"43":0,"44":0,"45":0,"46":0,"47":0,"48":0,"49":0},"f":{"0":0,"1":0,"2":0,"3":0,"4":0,"5":0,"6":0,"7":0},"b":{"0":[0,0],"1":[0,0],"2":[0,0],"3":[0,0],"4":[0,0],"5":[0,0],"6":[0,0]}}
,"C:\\integracion_continua\\src\\views\\HomePage.tsx": {"path":"C:\\integracion_continua\\src\\views\\HomePage.tsx","statementMap":{"0":{"start":{"line":3,"column":0},"end":{"line":3,"column":24}},"1":{"start":{"line":1,"column":0},"end":{"line":1,"column":39}},"2":{"start":{"line":4,"column":2},"end":{"line":40,"column":4}}},"fnMap":{"0":{"name":"HomeContent","decl":{"start":{"line":3,"column":24},"end":{"line":3,"column":35}},"loc":{"start":{"line":3,"column":35},"end":{"line":41,"column":1}}}},"branchMap":{},"s":{"0":0,"1":0,"2":0},"f":{"0":0},"b":{}}
,"C:\\integracion_continua\\src\\views\\LayoutsView.tsx": {"path":"C:\\integracion_continua\\src\\views\\LayoutsView.tsx","statementMap":{"0":{"start":{"line":3,"column":0},"end":{"line":3,"column":24}},"1":{"start":{"line":4,"column":2},"end":{"line":52,"column":4}},"2":{"start":{"line":41,"column":14},"end":{"line":42,"column":null}}},"fnMap":{"0":{"name":"LayoutsView","decl":{"start":{"line":3,"column":24},"end":{"line":3,"column":35}},"loc":{"start":{"line":3,"column":35},"end":{"line":53,"column":1}}},"1":{"name":"(anonymous_1)","decl":{"start":{"line":40,"column":43},"end":{"line":40,"column":44}},"loc":{"start":{"line":41,"column":14},"end":{"line":42,"column":null}}}},"branchMap":{},"s":{"0":0,"1":0,"2":0},"f":{"0":0,"1":0},"b":{}}
,"C:\\integracion_continua\\src\\views\\ListaTareas.tsx": {"path":"C:\\integracion_continua\\src\\views\\ListaTareas.tsx","statementMap":{"0":{"start":{"line":2,"column":0},"end":{"line":2,"column":24}},"1":{"start":{"line":1,"column":0},"end":{"line":1,"column":46}},"2":{"start":{"line":3,"column":2},"end":{"line":12,"column":4}}},"fnMap":{"0":{"name":"ListaTareas","decl":{"start":{"line":2,"column":24},"end":{"line":2,"column":35}},"loc":{"start":{"line":2,"column":35},"end":{"line":13,"column":1}}}},"branchMap":{},"s":{"0":0,"1":0,"2":0},"f":{"0":0},"b":{}}
,"C:\\integracion_continua\\src\\views\\SettingsView.tsx": {"path":"C:\\integracion_continua\\src\\views\\SettingsView.tsx","statementMap":{"0":{"start":{"line":3,"column":0},"end":{"line":3,"column":24}},"1":{"start":{"line":4,"column":2},"end":{"line":13,"column":4}}},"fnMap":{"0":{"name":"SettingsView","decl":{"start":{"line":3,"column":24},"end":{"line":3,"column":36}},"loc":{"start":{"line":3,"column":36},"end":{"line":14,"column":1}}}},"branchMap":{},"s":{"0":0,"1":0},"f":{"0":0},"b":{}}
,"C:\\integracion_continua\\src\\views\\SpeechDemoView.tsx": {"path":"C:\\integracion_continua\\src\\views\\SpeechDemoView.tsx","statementMap":{"0":{"start":{"line":4,"column":0},"end":{"line":4,"column":24}},"1":{"start":{"line":2,"column":0},"end":{"line":2,"column":44}},"2":{"start":{"line":5,"column":30},"end":{"line":5,"column":66}},"3":{"start":{"line":6,"column":44},"end":{"line":6,"column":64}},"4":{"start":{"line":7,"column":26},"end":{"line":7,"column":37}},"5":{"start":{"line":8,"column":28},"end":{"line":8,"column":39}},"6":{"start":{"line":10,"column":16},"end":{"line":10,"column":38}},"7":{"start":{"line":13,"column":2},"end":{"line":33,"column":29}},"8":{"start":{"line":15,"column":24},"end":{"line":15,"column":41}},"9":{"start":{"line":16,"column":24},"end":{"line":17,"column":null}},"10":{"start":{"line":17,"column":8},"end":{"line":17,"column":50}},"11":{"start":{"line":19,"column":21},"end":{"line":19,"column":61}},"12":{"start":{"line":20,"column":6},"end":{"line":20,"column":24}},"13":{"start":{"line":21,"column":6},"end":{"line":23,"column":7}},"14":{"start":{"line":22,"column":8},"end":{"line":22,"column":41}},"15":{"start":{"line":26,"column":4},"end":{"line":26,"column":21}},"16":{"start":{"line":27,"column":4},"end":{"line":27,"column":60}},"17":{"start":{"line":29,"column":4},"end":{"line":32,"column":6}},"18":{"start":{"line":30,"column":6},"end":{"line":30,"column":21}},"19":{"start":{"line":31,"column":6},"end":{"line":31,"column":65}},"20":{"start":{"line":36,"column":16},"end":{"line":46,"column":3}},"21":{"start":{"line":37,"column":4},"end":{"line":37,"column":47}},"22":{"start":{"line":37,"column":40},"end":{"line":37,"column":47}},"23":{"start":{"line":38,"column":4},"end":{"line":38,"column":19}},"24":{"start":{"line":39,"column":14},"end":{"line":39,"column":48}},"25":{"start":{"line":40,"column":4},"end":{"line":40,"column":67}},"26":{"start":{"line":40,"column":33},"end":{"line":40,"column":57}},"27":{"start":{"line":42,"column":4},"end":{"line":42,"column":18}},"28":{"start":{"line":43,"column":4},"end":{"line":43,"column":20}},"29":{"start":{"line":44,"column":4},"end":{"line":44,"column":38}},"30":{"start":{"line":45,"column":4},"end":{"line":45,"column":19}},"31":{"start":{"line":48,"column":19},"end":{"line":52,"column":4}},"32":{"start":{"line":54,"column":2},"end":{"line":141,"column":4}},"33":{"start":{"line":77,"column":31},"end":{"line":77,"column":63}},"34":{"start":{"line":80,"column":16},"end":{"line":80,"column":37}},"35":{"start":{"line":98,"column":31},"end":{"line":98,"column":62}},"36":{"start":{"line":114,"column":31},"end":{"line":114,"column":63}},"37":{"start":{"line":124,"column":10},"end":{"line":125,"column":null}},"38":{"start":{"line":132,"column":29},"end":{"line":132,"column":44}}},"fnMap":{"0":{"name":"SpeechDemoView","decl":{"start":{"line":4,"column":24},"end":{"line":4,"column":38}},"loc":{"start":{"line":4,"column":38},"end":{"line":142,"column":1}}},"1":{"name":"(anonymous_1)","decl":{"start":{"line":13,"column":12},"end":{"line":13,"column":15}},"loc":{"start":{"line":13,"column":17},"end":{"line":33,"column":3}}},"2":{"name":"populateVoices","decl":{"start":{"line":14,"column":13},"end":{"line":14,"column":27}},"loc":{"start":{"line":14,"column":27},"end":{"line":24,"column":5}}},"3":{"name":"(anonymous_3)","decl":{"start":{"line":16,"column":41},"end":{"line":16,"column":42}},"loc":{"start":{"line":17,"column":8},"end":{"line":17,"column":50}}},"4":{"name":"(anonymous_4)","decl":{"start":{"line":29,"column":11},"end":{"line":29,"column":14}},"loc":{"start":{"line":29,"column":16},"end":{"line":32,"column":5}}},"5":{"name":"(anonymous_5)","decl":{"start":{"line":36,"column":16},"end":{"line":36,"column":17}},"loc":{"start":{"line":36,"column":33},"end":{"line":46,"column":3}}},"6":{"name":"(anonymous_6)","decl":{"start":{"line":40,"column":26},"end":{"line":40,"column":27}},"loc":{"start":{"line":40,"column":33},"end":{"line":40,"column":57}}},"7":{"name":"(anonymous_7)","decl":{"start":{"line":77,"column":24},"end":{"line":77,"column":25}},"loc":{"start":{"line":77,"column":31},"end":{"line":77,"column":63}}},"8":{"name":"(anonymous_8)","decl":{"start":{"line":79,"column":26},"end":{"line":79,"column":27}},"loc":{"start":{"line":80,"column":16},"end":{"line":80,"column":37}}},"9":{"name":"(anonymous_9)","decl":{"start":{"line":98,"column":24},"end":{"line":98,"column":25}},"loc":{"start":{"line":98,"column":31},"end":{"line":98,"column":62}}},"10":{"name":"(anonymous_10)","decl":{"start":{"line":114,"column":24},"end":{"line":114,"column":25}},"loc":{"start":{"line":114,"column":31},"end":{"line":114,"column":63}}},"11":{"name":"(anonymous_11)","decl":{"start":{"line":123,"column":22},"end":{"line":123,"column":23}},"loc":{"start":{"line":124,"column":10},"end":{"line":125,"column":null}}},"12":{"name":"(anonymous_12)","decl":{"start":{"line":132,"column":23},"end":{"line":132,"column":26}},"loc":{"start":{"line":132,"column":29},"end":{"line":132,"column":44}}}},"branchMap":{"0":{"loc":{"start":{"line":19,"column":21},"end":{"line":19,"column":61}},"type":"cond-expr","locations":[{"start":{"line":19,"column":40},"end":{"line":19,"column":49}},{"start":{"line":19,"column":52},"end":{"line":19,"column":61}}]},"1":{"loc":{"start":{"line":21,"column":6},"end":{"line":23,"column":7}},"type":"if","locations":[{"start":{"line":21,"column":6},"end":{"line":23,"column":7}},{"start":{},"end":{}}]},"2":{"loc":{"start":{"line":21,"column":10},"end":{"line":21,"column":41}},"type":"binary-expr","locations":[{"start":{"line":21,"column":10},"end":{"line":21,"column":23}},{"start":{"line":21,"column":27},"end":{"line":21,"column":41}}]},"3":{"loc":{"start":{"line":37,"column":4},"end":{"line":37,"column":47}},"type":"if","locations":[{"start":{"line":37,"column":4},"end":{"line":37,"column":47}},{"start":{},"end":{}}]},"4":{"loc":{"start":{"line":40,"column":14},"end":{"line":40,"column":66}},"type":"binary-expr","locations":[{"start":{"line":40,"column":14},"end":{"line":40,"column":58}},{"start":{"line":40,"column":62},"end":{"line":40,"column":66}}]},"5":{"loc":{"start":{"line":44,"column":13},"end":{"line":44,"column":37}},"type":"binary-expr","locations":[{"start":{"line":44,"column":13},"end":{"line":44,"column":26}},{"start":{"line":44,"column":30},"end":{"line":44,"column":37}}]}},"s":{"0":0,"1":0,"2":0,"3":0,"4":0,"5":0,"6":0,"7":0,"8":0,"9":0,"10":0,"11":0,"12":0,"13":0,"14":0,"15":0,"16":0,"17":0,"18":0,"19":0,"20":0,"21":0,"22":0,"23":0,"24":0,"25":0,"26":0,"27":0,"28":0,"29":0,"30":0,"31":0,"32":0,"33":0,"34":0,"35":0,"36":0,"37":0,"38":0},"f":{"0":0,"1":0,"2":0,"3":0,"4":0,"5":0,"6":0,"7":0,"8":0,"9":0,"10":0,"11":0,"12":0},"b":{"0":[0,0],"1":[0,0],"2":[0,0],"3":[0,0],"4":[0,0],"5":[0,0]}}
,"C:\\integracion_continua\\src\\views\\TablasMul.tsx": {"path":"C:\\integracion_continua\\src\\views\\TablasMul.tsx","statementMap":{"0":{"start":{"line":3,"column":0},"end":{"line":3,"column":24}},"1":{"start":{"line":2,"column":0},"end":{"line":2,"column":68}},"2":{"start":{"line":4,"column":2},"end":{"line":12,"column":4}}},"fnMap":{"0":{"name":"TablasMul","decl":{"start":{"line":3,"column":24},"end":{"line":3,"column":33}},"loc":{"start":{"line":3,"column":33},"end":{"line":13,"column":1}}}},"branchMap":{},"s":{"0":0,"1":0,"2":0},"f":{"0":0},"b":{}}
,"C:\\integracion_continua\\src\\views\\ThreeDemoView.tsx": {"path":"C:\\integracion_continua\\src\\views\\ThreeDemoView.tsx","statementMap":{"0":{"start":{"line":5,"column":0},"end":{"line":5,"column":24}},"1":{"start":{"line":2,"column":0},"end":{"line":2,"column":42}},"2":{"start":{"line":3,"column":0},"end":{"line":3,"column":31}},"3":{"start":{"line":6,"column":19},"end":{"line":6,"column":54}},"4":{"start":{"line":7,"column":18},"end":{"line":7,"column":49}},"5":{"start":{"line":9,"column":2},"end":{"line":75,"column":9}},"6":{"start":{"line":10,"column":4},"end":{"line":10,"column":34}},"7":{"start":{"line":10,"column":27},"end":{"line":10,"column":34}},"8":{"start":{"line":12,"column":18},"end":{"line":12,"column":34}},"9":{"start":{"line":15,"column":21},"end":{"line":15,"column":65}},"10":{"start":{"line":16,"column":4},"end":{"line":16,"column":65}},"11":{"start":{"line":17,"column":4},"end":{"line":17,"column":60}},"12":{"start":{"line":18,"column":4},"end":{"line":18,"column":40}},"13":{"start":{"line":19,"column":4},"end":{"line":19,"column":43}},"14":{"start":{"line":22,"column":18},"end":{"line":22,"column":35}},"15":{"start":{"line":23,"column":19},"end":{"line":27,"column":null}},"16":{"start":{"line":29,"column":4},"end":{"line":29,"column":39}},"17":{"start":{"line":30,"column":4},"end":{"line":30,"column":27}},"18":{"start":{"line":33,"column":4},"end":{"line":33,"column":53}},"19":{"start":{"line":34,"column":16},"end":{"line":34,"column":57}},"20":{"start":{"line":35,"column":4},"end":{"line":35,"column":30}},"21":{"start":{"line":36,"column":4},"end":{"line":36,"column":19}},"22":{"start":{"line":39,"column":21},"end":{"line":39,"column":51}},"23":{"start":{"line":40,"column":21},"end":{"line":40,"column":72}},"24":{"start":{"line":41,"column":17},"end":{"line":41,"column":51}},"25":{"start":{"line":42,"column":4},"end":{"line":42,"column":26}},"26":{"start":{"line":43,"column":4},"end":{"line":43,"column":27}},"27":{"start":{"line":44,"column":4},"end":{"line":44,"column":20}},"28":{"start":{"line":47,"column":18},"end":{"line":47,"column":22}},"29":{"start":{"line":48,"column":20},"end":{"line":54,"column":5}},"30":{"start":{"line":49,"column":6},"end":{"line":49,"column":27}},"31":{"start":{"line":49,"column":20},"end":{"line":49,"column":27}},"32":{"start":{"line":50,"column":6},"end":{"line":50,"column":30}},"33":{"start":{"line":51,"column":6},"end":{"line":51,"column":31}},"34":{"start":{"line":52,"column":6},"end":{"line":52,"column":37}},"35":{"start":{"line":53,"column":6},"end":{"line":53,"column":37}},"36":{"start":{"line":55,"column":4},"end":{"line":55,"column":14}},"37":{"start":{"line":58,"column":21},"end":{"line":64,"column":5}},"38":{"start":{"line":59,"column":16},"end":{"line":59,"column":33}},"39":{"start":{"line":60,"column":16},"end":{"line":60,"column":34}},"40":{"start":{"line":61,"column":6},"end":{"line":61,"column":29}},"41":{"start":{"line":62,"column":6},"end":{"line":62,"column":28}},"42":{"start":{"line":63,"column":6},"end":{"line":63,"column":38}},"43":{"start":{"line":65,"column":15},"end":{"line":65,"column":43}},"44":{"start":{"line":66,"column":4},"end":{"line":66,"column":22}},"45":{"start":{"line":69,"column":4},"end":{"line":74,"column":6}},"46":{"start":{"line":70,"column":6},"end":{"line":70,"column":22}},"47":{"start":{"line":71,"column":6},"end":{"line":71,"column":25}},"48":{"start":{"line":72,"column":6},"end":{"line":72,"column":22}},"49":{"start":{"line":73,"column":6},"end":{"line":73,"column":45}},"50":{"start":{"line":77,"column":19},"end":{"line":80,"column":3}},"51":{"start":{"line":78,"column":4},"end":{"line":79,"column":81}},"52":{"start":{"line":82,"column":25},"end":{"line":86,"column":3}},"53":{"start":{"line":83,"column":18},"end":{"line":83,"column":78}},"54":{"start":{"line":84,"column":4},"end":{"line":85,"column":80}},"55":{"start":{"line":88,"column":2},"end":{"line":125,"column":4}},"56":{"start":{"line":93,"column":25},"end":{"line":93,"column":43}},"57":{"start":{"line":99,"column":25},"end":{"line":99,"column":43}},"58":{"start":{"line":105,"column":25},"end":{"line":105,"column":43}}},"fnMap":{"0":{"name":"ThreeDemoView","decl":{"start":{"line":5,"column":24},"end":{"line":5,"column":37}},"loc":{"start":{"line":5,"column":37},"end":{"line":126,"column":1}}},"1":{"name":"(anonymous_10)","decl":{"start":{"line":9,"column":12},"end":{"line":9,"column":15}},"loc":{"start":{"line":9,"column":17},"end":{"line":75,"column":3}}},"2":{"name":"(anonymous_11)","decl":{"start":{"line":48,"column":20},"end":{"line":48,"column":23}},"loc":{"start":{"line":48,"column":25},"end":{"line":54,"column":5}}},"3":{"name":"(anonymous_12)","decl":{"start":{"line":58,"column":21},"end":{"line":58,"column":24}},"loc":{"start":{"line":58,"column":26},"end":{"line":64,"column":5}}},"4":{"name":"(anonymous_13)","decl":{"start":{"line":69,"column":11},"end":{"line":69,"column":14}},"loc":{"start":{"line":69,"column":16},"end":{"line":74,"column":5}}},"5":{"name":"(anonymous_14)","decl":{"start":{"line":77,"column":19},"end":{"line":77,"column":20}},"loc":{"start":{"line":77,"column":35},"end":{"line":80,"column":3}}},"6":{"name":"(anonymous_15)","decl":{"start":{"line":82,"column":25},"end":{"line":82,"column":28}},"loc":{"start":{"line":82,"column":30},"end":{"line":86,"column":3}}},"7":{"name":"(anonymous_16)","decl":{"start":{"line":93,"column":19},"end":{"line":93,"column":22}},"loc":{"start":{"line":93,"column":25},"end":{"line":93,"column":43}}},"8":{"name":"(anonymous_17)","decl":{"start":{"line":99,"column":19},"end":{"line":99,"column":22}},"loc":{"start":{"line":99,"column":25},"end":{"line":99,"column":43}}},"9":{"name":"(anonymous_18)","decl":{"start":{"line":105,"column":19},"end":{"line":105,"column":22}},"loc":{"start":{"line":105,"column":25},"end":{"line":105,"column":43}}}},"branchMap":{"0":{"loc":{"start":{"line":10,"column":4},"end":{"line":10,"column":34}},"type":"if","locations":[{"start":{"line":10,"column":4},"end":{"line":10,"column":34}},{"start":{},"end":{}}]},"1":{"loc":{"start":{"line":49,"column":6},"end":{"line":49,"column":27}},"type":"if","locations":[{"start":{"line":49,"column":6},"end":{"line":49,"column":27}},{"start":{},"end":{}}]},"2":{"loc":{"start":{"line":78,"column":4},"end":{"line":79,"column":80}},"type":"binary-expr","locations":[{"start":{"line":78,"column":4},"end":{"line":78,"column":29}},{"start":{"line":79,"column":7},"end":{"line":79,"column":80}}]},"3":{"loc":{"start":{"line":84,"column":4},"end":{"line":85,"column":79}},"type":"binary-expr","locations":[{"start":{"line":84,"column":4},"end":{"line":84,"column":29}},{"start":{"line":85,"column":7},"end":{"line":85,"column":79}}]}},"s":{"0":0,"1":0,"2":0,"3":0,"4":0,"5":0,"6":0,"7":0,"8":0,"9":0,"10":0,"11":0,"12":0,"13":0,"14":0,"15":0,"16":0,"17":0,"18":0,"19":0,"20":0,"21":0,"22":0,"23":0,"24":0,"25":0,"26":0,"27":0,"28":0,"29":0,"30":0,"31":0,"32":0,"33":0,"34":0,"35":0,"36":0,"37":0,"38":0,"39":0,"40":0,"41":0,"42":0,"43":0,"44":0,"45":0,"46":0,"47":0,"48":0,"49":0,"50":0,"51":0,"52":0,"53":0,"54":0,"55":0,"56":0,"57":0,"58":0},"f":{"0":0,"1":0,"2":0,"3":0,"4":0,"5":0,"6":0,"7":0,"8":0,"9":0},"b":{"0":[0,0],"1":[0,0],"2":[0,0],"3":[0,0]}}
,"C:\\integracion_continua\\src\\views\\ValidContrasena.tsx": {"path":"C:\\integracion_continua\\src\\views\\ValidContrasena.tsx","statementMap":{"0":{"start":{"line":2,"column":0},"end":{"line":2,"column":24}},"1":{"start":{"line":1,"column":0},"end":{"line":1,"column":64}},"2":{"start":{"line":3,"column":2},"end":{"line":14,"column":4}}},"fnMap":{"0":{"name":"ValidContrasena","decl":{"start":{"line":2,"column":24},"end":{"line":2,"column":39}},"loc":{"start":{"line":2,"column":39},"end":{"line":15,"column":1}}}},"branchMap":{},"s":{"0":0,"1":0,"2":0},"f":{"0":0},"b":{}}
}
