TN:
SF:src\App.tsx
FN:4,App
FNF:1
FNH:1
FNDA:1,App
DA:1,1
DA:2,1
DA:5,1
DA:12,1
LF:4
LH:4
BRF:0
BRH:0
end_of_record
TN:
SF:src\components\ClickCounter.tsx
FN:3,ClickCounter
FN:4,(anonymous_1)
FN:9,(anonymous_2)
FN:18,(anonymous_3)
FN:18,(anonymous_4)
FNF:5
FNH:5
FNDA:2,ClickCounter
FNDA:1,(anonymous_1)
FNDA:2,(anonymous_2)
FNDA:1,(anonymous_3)
FNDA:1,(anonymous_4)
DA:1,1
DA:3,1
DA:4,2
DA:5,1
DA:6,1
DA:9,2
DA:10,2
DA:13,2
DA:18,1
LF:9
LH:9
BRDA:6,0,0,1
BRDA:6,0,1,0
BRF:2
BRH:1
end_of_record
TN:
SF:src\components\Content.tsx
FN:3,Content
FNF:1
FNH:0
FNDA:0,Content
DA:1,0
DA:3,0
DA:4,0
LF:3
LH:0
BRF:0
BRH:0
end_of_record
TN:
SF:src\components\Layout.tsx
FN:5,Layout
FNF:1
FNH:0
FNDA:0,Layout
DA:1,0
DA:2,0
DA:3,0
DA:5,0
DA:6,0
LF:5
LH:0
BRF:0
BRH:0
end_of_record
TN:
SF:src\components\MultiplicationTable.tsx
FN:4,MultiplicationTable
FN:8,(anonymous_1)
FN:10,(anonymous_2)
FN:25,(anonymous_3)
FN:39,(anonymous_4)
FNF:5
FNH:5
FNDA:4,MultiplicationTable
FNDA:2,(anonymous_1)
FNDA:10,(anonymous_2)
FNDA:1,(anonymous_3)
FNDA:10,(anonymous_4)
DA:2,1
DA:4,1
DA:5,4
DA:6,4
DA:8,4
DA:9,2
DA:10,10
DA:11,1
DA:12,1
DA:15,4
DA:25,1
DA:40,10
LF:12
LH:12
BRDA:9,0,0,1
BRDA:9,0,1,1
BRDA:9,1,0,2
BRDA:9,1,1,1
BRDA:24,2,0,4
BRDA:24,2,1,2
BRDA:35,3,0,4
BRDA:35,3,1,1
BRF:8
BRH:8
end_of_record
TN:
SF:src\components\Navbar.tsx
FN:4,(anonymous_0)
FN:6,(anonymous_1)
FN:17,(anonymous_2)
FNF:3
FNH:2
FNDA:2,(anonymous_0)
FNDA:2,(anonymous_1)
FNDA:0,(anonymous_2)
DA:2,1
DA:4,1
DA:6,2
DA:7,2
DA:8,2
DA:10,2
DA:11,0
DA:12,2
DA:13,0
DA:17,2
DA:18,0
DA:19,0
DA:20,0
DA:22,0
DA:25,2
DA:51,1
LF:16
LH:10
BRDA:10,0,0,0
BRDA:10,0,1,2
BRDA:12,1,0,0
BRDA:12,1,1,2
BRDA:19,2,0,0
BRDA:19,2,1,0
BRF:6
BRH:2
end_of_record
TN:
SF:src\components\PasswordValidator.tsx
FN:3,PasswordValidator
FN:10,(anonymous_1)
FN:14,(anonymous_2)
FN:18,(anonymous_3)
FN:33,(anonymous_4)
FN:41,(anonymous_5)
FNF:6
FNH:6
FNDA:5,PasswordValidator
FNDA:5,(anonymous_1)
FNDA:5,(anonymous_2)
FNDA:5,(anonymous_3)
FNDA:2,(anonymous_4)
FNDA:15,(anonymous_5)
DA:1,1
DA:3,1
DA:4,5
DA:7,5
DA:10,5
DA:14,5
DA:18,5
DA:22,5
DA:33,2
DA:42,15
DA:43,15
DA:44,15
LF:12
LH:12
BRDA:48,0,0,5
BRDA:48,0,1,10
BRDA:51,1,0,5
BRDA:51,1,1,10
BRF:4
BRH:4
end_of_record
TN:
SF:src\components\Sidebar.tsx
FN:27,Sidebar
FN:31,(anonymous_1)
FN:35,(anonymous_2)
FN:51,(anonymous_3)
FN:62,(anonymous_4)
FNF:5
FNH:0
FNDA:0,Sidebar
FNDA:0,(anonymous_1)
FNDA:0,(anonymous_2)
FNDA:0,(anonymous_3)
FNDA:0,(anonymous_4)
DA:1,0
DA:2,0
DA:3,0
DA:11,0
DA:19,0
DA:27,0
DA:28,0
DA:29,0
DA:31,0
DA:32,0
DA:36,0
DA:45,0
DA:51,0
DA:62,0
LF:14
LH:0
BRDA:38,0,0,0
BRDA:38,0,1,0
BRDA:56,1,0,0
BRDA:56,1,1,0
BRDA:58,2,0,0
BRDA:58,2,1,0
BRDA:67,3,0,0
BRDA:67,3,1,0
BRDA:69,4,0,0
BRDA:69,4,1,0
BRF:10
BRH:0
end_of_record
TN:
SF:src\components\TodoList.tsx
FN:3,TodoList
FN:7,(anonymous_1)
FN:9,(anonymous_2)
FN:13,(anonymous_3)
FN:14,(anonymous_4)
FN:14,(anonymous_5)
FN:25,(anonymous_6)
FN:38,(anonymous_7)
FN:45,(anonymous_8)
FNF:9
FNH:9
FNDA:16,TodoList
FNDA:6,(anonymous_1)
FNDA:5,(anonymous_2)
FNDA:2,(anonymous_3)
FNDA:2,(anonymous_4)
FNDA:4,(anonymous_5)
FNDA:5,(anonymous_6)
FNDA:13,(anonymous_7)
FNDA:2,(anonymous_8)
DA:1,1
DA:3,1
DA:4,16
DA:5,16
DA:7,16
DA:8,6
DA:9,5
DA:10,5
DA:13,16
DA:14,4
DA:17,16
DA:25,5
DA:39,13
DA:45,2
LF:14
LH:14
BRDA:8,0,0,1
BRDA:8,0,1,5
BRF:2
BRH:2
end_of_record
TN:
SF:src\components\UnitConverter.tsx
FN:3,UnitConverter
FN:7,(anonymous_1)
FN:26,(anonymous_2)
FNF:3
FNH:3
FNDA:4,UnitConverter
FNDA:1,(anonymous_1)
FNDA:1,(anonymous_2)
DA:1,1
DA:3,1
DA:4,4
DA:5,4
DA:7,4
DA:8,1
DA:9,1
DA:10,1
DA:13,4
DA:26,1
LF:10
LH:10
BRDA:8,0,0,0
BRDA:8,0,1,1
BRDA:8,1,0,1
BRDA:8,1,1,1
BRDA:25,2,0,4
BRDA:25,2,1,2
BRDA:42,3,0,1
BRDA:42,3,1,3
BRF:8
BRH:7
end_of_record
TN:
SF:src\components\layout\Layout.tsx
FN:5,(anonymous_0)
FN:26,(anonymous_1)
FNF:2
FNH:2
FNDA:1,(anonymous_0)
FNDA:4,(anonymous_1)
DA:2,1
DA:3,1
DA:5,1
DA:6,1
DA:8,1
DA:15,1
DA:27,4
DA:28,4
LF:8
LH:8
BRDA:33,0,0,1
BRDA:33,0,1,3
BRDA:38,1,0,1
BRDA:38,1,1,3
BRF:4
BRH:4
end_of_record
TN:
SF:src\components\ui\Badge.tsx
FN:10,(anonymous_0)
FNF:1
FNH:1
FNDA:3,(anonymous_0)
DA:2,1
DA:10,1
DA:15,3
DA:23,3
LF:4
LH:4
BRDA:12,0,0,0
BRF:1
BRH:0
end_of_record
TN:
SF:src\components\ui\Button.tsx
FN:11,(anonymous_0)
FNF:1
FNH:0
FNDA:0,(anonymous_0)
DA:2,1
DA:11,1
DA:20,0
DA:22,0
DA:29,0
DA:35,0
LF:6
LH:2
BRDA:12,0,0,0
BRDA:13,1,0,0
BRDA:38,2,0,0
BRDA:38,2,1,0
BRDA:41,3,0,0
BRDA:41,3,1,0
BRF:6
BRH:0
end_of_record
TN:
SF:src\components\ui\Card.tsx
FN:12,(anonymous_0)
FNF:1
FNH:1
FNDA:5,(anonymous_0)
DA:2,1
DA:12,1
DA:19,5
DA:21,5
DA:27,5
LF:5
LH:5
BRDA:15,0,0,0
BRDA:31,1,0,0
BRDA:31,1,1,5
BRDA:33,2,0,0
BRDA:33,2,1,5
BRF:5
BRH:2
end_of_record
TN:
SF:src\components\ui\Progress.tsx
FN:12,(anonymous_0)
FNF:1
FNH:1
FNDA:5,(anonymous_0)
DA:2,1
DA:12,1
DA:19,5
DA:21,5
LF:4
LH:4
BRDA:14,0,0,5
BRDA:16,1,0,0
BRDA:23,2,0,5
BRDA:23,2,1,2
BRDA:26,3,0,2
BRDA:26,3,1,2
BRF:6
BRH:5
end_of_record
TN:
SF:src\components\ui\ShapeViewer.tsx
FN:9,(anonymous_0)
FN:10,(anonymous_1)
FN:99,(anonymous_2)
FNF:3
FNH:0
FNDA:0,(anonymous_0)
FNDA:0,(anonymous_1)
FNDA:0,(anonymous_2)
DA:9,1
DA:10,0
DA:11,0
DA:13,0
DA:32,0
DA:51,0
DA:70,0
DA:94,0
DA:95,0
DA:96,0
DA:98,0
DA:99,0
DA:100,0
DA:101,0
DA:102,0
DA:105,0
DA:122,0
DA:126,0
LF:18
LH:1
BRDA:11,0,0,0
BRDA:11,0,1,0
BRDA:11,0,2,0
BRDA:11,0,3,0
BRDA:11,0,4,0
BRDA:11,0,5,0
BRDA:26,1,0,0
BRDA:26,1,1,0
BRDA:45,2,0,0
BRDA:45,2,1,0
BRDA:45,3,0,0
BRDA:45,3,1,0
BRDA:64,4,0,0
BRDA:64,4,1,0
BRDA:79,5,0,0
BRDA:79,5,1,0
BRDA:79,5,2,0
BRDA:94,6,0,0
BRF:18
BRH:0
end_of_record
TN:
SF:src\data\departamentos.ts
FN:302,getDepartamentoByCode
FN:303,(anonymous_1)
FN:306,getDepartamentosByRegion
FN:307,(anonymous_3)
FN:310,getRegions
FN:311,(anonymous_5)
FN:314,getRegionColor
FNF:7
FNH:7
FNDA:6,getDepartamentoByCode
FNDA:129,(anonymous_1)
FNDA:19,getDepartamentosByRegion
FNDA:608,(anonymous_3)
FNDA:6,getRegions
FNDA:192,(anonymous_5)
FNDA:13,getRegionColor
DA:11,2
DA:302,2
DA:303,129
DA:306,2
DA:307,608
DA:310,2
DA:311,192
DA:314,2
DA:315,13
DA:322,13
LF:10
LH:10
BRDA:322,0,0,13
BRDA:322,0,1,3
BRF:2
BRH:2
end_of_record
TN:
SF:src\pages\Home\Home.tsx
FN:9,(anonymous_0)
FN:12,(anonymous_1)
FN:50,(anonymous_2)
FN:82,(anonymous_3)
FNF:4
FNH:4
FNDA:2,(anonymous_0)
FNDA:1,(anonymous_1)
FNDA:3,(anonymous_2)
FNDA:3,(anonymous_3)
DA:1,1
DA:2,1
DA:3,1
DA:4,1
DA:5,1
DA:6,1
DA:9,1
DA:10,2
DA:12,2
DA:14,1
DA:15,1
DA:17,1
DA:47,1
DA:50,3
DA:52,2
DA:83,3
LF:16
LH:16
BRDA:15,0,0,0
BRDA:15,0,1,1
BRDA:24,1,0,1
BRDA:24,1,1,1
BRDA:33,2,0,1
BRDA:33,2,1,1
BRDA:42,3,0,1
BRDA:42,3,1,1
BRDA:71,4,0,2
BRDA:71,4,1,0
BRDA:83,5,0,1
BRDA:83,5,1,2
BRDA:83,6,0,1
BRDA:83,6,1,1
BRDA:92,7,0,0
BRDA:92,7,1,3
BRF:16
BRH:13
end_of_record
TN:
SF:src\pages\Math\MathModule.tsx
FN:29,MathModule
FN:48,(anonymous_1)
FN:52,(anonymous_2)
FN:60,(anonymous_3)
FN:62,(anonymous_4)
FN:63,(anonymous_5)
FN:79,(anonymous_6)
FN:111,(anonymous_7)
FN:165,(anonymous_8)
FN:168,(anonymous_9)
FN:180,(anonymous_10)
FN:264,(anonymous_11)
FN:276,(anonymous_12)
FN:288,(anonymous_13)
FN:299,(anonymous_14)
FN:309,(anonymous_15)
FN:323,(anonymous_16)
FN:354,(anonymous_17)
FN:357,(anonymous_18)
FN:429,(anonymous_19)
FN:459,(anonymous_20)
FN:462,(anonymous_21)
FN:484,(anonymous_22)
FN:489,(anonymous_23)
FN:497,(anonymous_24)
FN:526,(anonymous_25)
FN:550,(anonymous_26)
FN:571,(anonymous_27)
FNF:28
FNH:0
FNDA:0,MathModule
FNDA:0,(anonymous_1)
FNDA:0,(anonymous_2)
FNDA:0,(anonymous_3)
FNDA:0,(anonymous_4)
FNDA:0,(anonymous_5)
FNDA:0,(anonymous_6)
FNDA:0,(anonymous_7)
FNDA:0,(anonymous_8)
FNDA:0,(anonymous_9)
FNDA:0,(anonymous_10)
FNDA:0,(anonymous_11)
FNDA:0,(anonymous_12)
FNDA:0,(anonymous_13)
FNDA:0,(anonymous_14)
FNDA:0,(anonymous_15)
FNDA:0,(anonymous_16)
FNDA:0,(anonymous_17)
FNDA:0,(anonymous_18)
FNDA:0,(anonymous_19)
FNDA:0,(anonymous_20)
FNDA:0,(anonymous_21)
FNDA:0,(anonymous_22)
FNDA:0,(anonymous_23)
FNDA:0,(anonymous_24)
FNDA:0,(anonymous_25)
FNDA:0,(anonymous_26)
FNDA:0,(anonymous_27)
DA:1,1
DA:2,1
DA:3,1
DA:4,1
DA:5,1
DA:6,1
DA:7,1
DA:29,1
DA:30,0
DA:31,0
DA:32,0
DA:33,0
DA:34,0
DA:35,0
DA:38,0
DA:39,0
DA:40,0
DA:41,0
DA:42,0
DA:43,0
DA:44,0
DA:45,0
DA:48,0
DA:49,0
DA:50,0
DA:51,0
DA:52,0
DA:53,0
DA:54,0
DA:60,0
DA:61,0
DA:62,0
DA:63,0
DA:65,0
DA:66,0
DA:70,0
DA:79,0
DA:80,0
DA:82,0
DA:84,0
DA:89,0
DA:91,0
DA:96,0
DA:102,0
DA:107,0
DA:111,0
DA:112,0
DA:113,0
DA:115,0
DA:116,0
DA:119,0
DA:120,0
DA:121,0
DA:122,0
DA:123,0
DA:125,0
DA:128,0
DA:131,0
DA:133,0
DA:134,0
DA:136,0
DA:137,0
DA:139,0
DA:140,0
DA:142,0
DA:143,0
DA:145,0
DA:146,0
DA:148,0
DA:149,0
DA:151,0
DA:154,0
DA:157,0
DA:158,0
DA:161,0
DA:165,0
DA:166,0
DA:167,0
DA:168,0
DA:170,0
DA:171,0
DA:173,0
DA:176,0
DA:177,0
DA:180,0
DA:181,0
DA:182,0
DA:185,0
DA:187,0
DA:188,0
DA:189,0
DA:191,0
DA:192,0
DA:193,0
DA:195,0
DA:197,0
DA:198,0
DA:199,0
DA:200,0
DA:201,0
DA:202,0
DA:205,0
DA:206,0
DA:207,0
DA:208,0
DA:209,0
DA:210,0
DA:211,0
DA:214,0
DA:215,0
DA:216,0
DA:217,0
DA:218,0
DA:219,0
DA:222,0
DA:223,0
DA:224,0
DA:225,0
DA:226,0
DA:227,0
DA:228,0
DA:231,0
DA:232,0
DA:233,0
DA:234,0
DA:235,0
DA:236,0
DA:237,0
DA:238,0
DA:241,0
DA:242,0
DA:243,0
DA:244,0
DA:245,0
DA:246,0
DA:247,0
DA:251,0
DA:261,0
DA:264,0
DA:265,0
DA:266,0
DA:267,0
DA:268,0
DA:269,0
DA:270,0
DA:271,0
DA:272,0
DA:273,0
DA:276,0
DA:277,0
DA:278,0
DA:279,0
DA:281,0
DA:282,0
DA:284,0
DA:285,0
DA:288,0
DA:289,0
DA:290,0
DA:291,0
DA:292,0
DA:294,0
DA:299,0
DA:300,0
DA:301,0
DA:304,0
DA:305,0
DA:309,0
DA:310,0
DA:311,0
DA:312,0
DA:315,0
DA:316,0
DA:318,0
DA:323,0
DA:354,0
DA:357,0
DA:400,0
DA:401,0
DA:402,0
DA:404,0
DA:429,0
DA:439,0
DA:460,0
DA:463,0
DA:464,0
DA:465,0
DA:466,0
DA:484,0
DA:490,0
DA:497,0
DA:526,0
DA:551,0
DA:572,0
LF:194
LH:8
BRDA:50,0,0,0
BRDA:50,0,1,0
BRDA:53,1,0,0
BRDA:53,1,1,0
BRDA:61,2,0,0
BRDA:61,2,1,0
BRDA:61,3,0,0
BRDA:61,3,1,0
BRDA:61,3,2,0
BRDA:65,4,0,0
BRDA:65,4,1,0
BRDA:65,5,0,0
BRDA:65,5,1,0
BRDA:80,6,0,0
BRDA:80,6,1,0
BRDA:80,6,2,0
BRDA:80,6,3,0
BRDA:80,6,4,0
BRDA:80,6,5,0
BRDA:80,6,6,0
BRDA:121,7,0,0
BRDA:121,7,1,0
BRDA:121,8,0,0
BRDA:121,8,1,0
BRDA:131,9,0,0
BRDA:131,9,1,0
BRDA:131,9,2,0
BRDA:131,9,3,0
BRDA:131,9,4,0
BRDA:131,9,5,0
BRDA:131,9,6,0
BRDA:157,10,0,0
BRDA:157,10,1,0
BRDA:161,11,0,0
BRDA:161,11,1,0
BRDA:167,12,0,0
BRDA:167,12,1,0
BRDA:170,13,0,0
BRDA:170,13,1,0
BRDA:189,14,0,0
BRDA:189,14,1,0
BRDA:195,15,0,0
BRDA:195,15,1,0
BRDA:195,15,2,0
BRDA:195,15,3,0
BRDA:195,15,4,0
BRDA:195,15,5,0
BRDA:200,16,0,0
BRDA:200,16,1,0
BRDA:201,17,0,0
BRDA:201,17,1,0
BRDA:209,18,0,0
BRDA:209,18,1,0
BRDA:210,19,0,0
BRDA:210,19,1,0
BRDA:217,20,0,0
BRDA:217,20,1,0
BRDA:218,21,0,0
BRDA:218,21,1,0
BRDA:236,22,0,0
BRDA:236,22,1,0
BRDA:237,23,0,0
BRDA:237,23,1,0
BRDA:245,24,0,0
BRDA:245,24,1,0
BRDA:246,25,0,0
BRDA:246,25,1,0
BRDA:284,26,0,0
BRDA:284,26,1,0
BRDA:289,27,0,0
BRDA:289,27,1,0
BRDA:304,28,0,0
BRDA:304,28,1,0
BRDA:315,29,0,0
BRDA:315,29,1,0
BRDA:315,30,0,0
BRDA:315,30,1,0
BRDA:330,31,0,0
BRDA:330,31,1,0
BRDA:344,32,0,0
BRDA:344,32,1,0
BRDA:349,33,0,0
BRDA:349,33,1,0
BRDA:357,34,0,0
BRDA:357,34,1,0
BRDA:370,35,0,0
BRDA:370,35,1,0
BRDA:372,36,0,0
BRDA:372,36,1,0
BRDA:393,37,0,0
BRDA:393,37,1,0
BRDA:400,38,0,0
BRDA:400,38,1,0
BRDA:400,39,0,0
BRDA:400,39,1,0
BRDA:408,40,0,0
BRDA:408,40,1,0
BRDA:410,41,0,0
BRDA:410,41,1,0
BRDA:415,42,0,0
BRDA:415,42,1,0
BRDA:419,43,0,0
BRDA:419,43,1,0
BRDA:469,44,0,0
BRDA:469,44,1,0
BRDA:496,45,0,0
BRDA:496,45,1,0
BRDA:507,46,0,0
BRDA:507,46,1,0
BRDA:526,47,0,0
BRDA:526,47,1,0
BRDA:533,48,0,0
BRDA:533,48,1,0
BRDA:539,49,0,0
BRDA:539,49,1,0
BRDA:546,50,0,0
BRDA:546,50,1,0
BRDA:560,51,0,0
BRDA:560,51,1,0
BRDA:567,52,0,0
BRDA:567,52,1,0
BRDA:586,53,0,0
BRDA:586,53,1,0
BRDA:595,54,0,0
BRDA:595,54,1,0
BRF:125
BRH:0
end_of_record
TN:
SF:src\pages\Science\ScienceModule.tsx
FN:32,ScienceModule
FN:52,(anonymous_2)
FN:56,(anonymous_3)
FN:64,(anonymous_4)
FN:85,(anonymous_5)
FN:88,(anonymous_6)
FN:100,(anonymous_7)
FN:103,(anonymous_8)
FN:106,(anonymous_9)
FN:111,(anonymous_10)
FN:113,(anonymous_11)
FN:114,(anonymous_12)
FN:116,(anonymous_13)
FN:117,(anonymous_14)
FN:125,(anonymous_15)
FN:127,(anonymous_16)
FN:128,(anonymous_17)
FN:130,(anonymous_18)
FN:131,(anonymous_19)
FN:139,(anonymous_20)
FN:139,(anonymous_21)
FN:146,(anonymous_22)
FN:148,(anonymous_23)
FN:149,(anonymous_24)
FN:151,(anonymous_25)
FN:152,(anonymous_26)
FN:160,(anonymous_27)
FN:168,(anonymous_28)
FN:190,(anonymous_29)
FN:201,(anonymous_30)
FN:212,(anonymous_31)
FN:223,(anonymous_32)
FN:248,(anonymous_33)
FN:267,(anonymous_34)
FN:270,(anonymous_35)
FN:345,(anonymous_36)
FN:382,(anonymous_37)
FN:391,(anonymous_38)
FN:395,(anonymous_39)
FN:405,(anonymous_40)
FN:409,(anonymous_41)
FN:427,(anonymous_42)
FN:430,(anonymous_43)
FN:450,(anonymous_44)
FNF:44
FNH:0
FNDA:0,ScienceModule
FNDA:0,(anonymous_2)
FNDA:0,(anonymous_3)
FNDA:0,(anonymous_4)
FNDA:0,(anonymous_5)
FNDA:0,(anonymous_6)
FNDA:0,(anonymous_7)
FNDA:0,(anonymous_8)
FNDA:0,(anonymous_9)
FNDA:0,(anonymous_10)
FNDA:0,(anonymous_11)
FNDA:0,(anonymous_12)
FNDA:0,(anonymous_13)
FNDA:0,(anonymous_14)
FNDA:0,(anonymous_15)
FNDA:0,(anonymous_16)
FNDA:0,(anonymous_17)
FNDA:0,(anonymous_18)
FNDA:0,(anonymous_19)
FNDA:0,(anonymous_20)
FNDA:0,(anonymous_21)
FNDA:0,(anonymous_22)
FNDA:0,(anonymous_23)
FNDA:0,(anonymous_24)
FNDA:0,(anonymous_25)
FNDA:0,(anonymous_26)
FNDA:0,(anonymous_27)
FNDA:0,(anonymous_28)
FNDA:0,(anonymous_29)
FNDA:0,(anonymous_30)
FNDA:0,(anonymous_31)
FNDA:0,(anonymous_32)
FNDA:0,(anonymous_33)
FNDA:0,(anonymous_34)
FNDA:0,(anonymous_35)
FNDA:0,(anonymous_36)
FNDA:0,(anonymous_37)
FNDA:0,(anonymous_38)
FNDA:0,(anonymous_39)
FNDA:0,(anonymous_40)
FNDA:0,(anonymous_41)
FNDA:0,(anonymous_42)
FNDA:0,(anonymous_43)
FNDA:0,(anonymous_44)
DA:1,1
DA:2,1
DA:3,1
DA:4,1
DA:5,1
DA:6,1
DA:7,1
DA:32,1
DA:33,0
DA:34,0
DA:35,0
DA:36,0
DA:37,0
DA:38,0
DA:39,0
DA:40,0
DA:43,0
DA:44,0
DA:45,0
DA:46,0
DA:47,0
DA:48,0
DA:49,0
DA:52,0
DA:53,0
DA:54,0
DA:55,0
DA:56,0
DA:57,0
DA:58,0
DA:64,0
DA:65,0
DA:68,0
DA:69,0
DA:73,0
DA:74,0
DA:78,0
DA:79,0
DA:82,0
DA:85,0
DA:86,0
DA:87,0
DA:88,0
DA:90,0
DA:91,0
DA:93,0
DA:96,0
DA:97,0
DA:100,0
DA:101,0
DA:102,0
DA:103,0
DA:106,0
DA:107,0
DA:112,0
DA:113,0
DA:114,0
DA:116,0
DA:117,0
DA:126,0
DA:127,0
DA:128,0
DA:130,0
DA:131,0
DA:139,0
DA:147,0
DA:148,0
DA:149,0
DA:151,0
DA:152,0
DA:161,0
DA:162,0
DA:163,0
DA:164,0
DA:165,0
DA:168,0
DA:175,0
DA:177,0
DA:187,0
DA:190,0
DA:191,0
DA:192,0
DA:193,0
DA:194,0
DA:195,0
DA:196,0
DA:197,0
DA:198,0
DA:201,0
DA:202,0
DA:203,0
DA:205,0
DA:206,0
DA:208,0
DA:209,0
DA:212,0
DA:213,0
DA:214,0
DA:215,0
DA:216,0
DA:218,0
DA:223,0
DA:224,0
DA:225,0
DA:228,0
DA:229,0
DA:232,0
DA:233,0
DA:237,0
DA:238,0
DA:240,0
DA:241,0
DA:243,0
DA:248,0
DA:268,0
DA:270,0
DA:318,0
DA:319,0
DA:320,0
DA:322,0
DA:345,0
DA:355,0
DA:382,0
DA:391,0
DA:396,0
DA:405,0
DA:410,0
DA:428,0
DA:430,0
DA:451,0
DA:452,0
DA:453,0
LF:132
LH:8
BRDA:54,0,0,0
BRDA:54,0,1,0
BRDA:57,1,0,0
BRDA:57,1,1,0
BRDA:68,2,0,0
BRDA:68,2,1,0
BRDA:73,3,0,0
BRDA:73,3,1,0
BRDA:78,4,0,0
BRDA:78,4,1,0
BRDA:87,5,0,0
BRDA:87,5,1,0
BRDA:90,6,0,0
BRDA:90,6,1,0
BRDA:164,7,0,0
BRDA:164,7,1,0
BRDA:208,8,0,0
BRDA:208,8,1,0
BRDA:213,9,0,0
BRDA:213,9,1,0
BRDA:228,10,0,0
BRDA:228,10,1,0
BRDA:232,11,0,0
BRDA:232,11,1,0
BRDA:240,12,0,0
BRDA:240,12,1,0
BRDA:240,13,0,0
BRDA:240,13,1,0
BRDA:264,14,0,0
BRDA:264,14,1,0
BRDA:272,15,0,0
BRDA:272,15,1,0
BRDA:287,16,0,0
BRDA:287,16,1,0
BRDA:289,17,0,0
BRDA:289,17,1,0
BRDA:311,18,0,0
BRDA:311,18,1,0
BRDA:318,19,0,0
BRDA:318,19,1,0
BRDA:318,20,0,0
BRDA:318,20,1,0
BRDA:326,21,0,0
BRDA:326,21,1,0
BRDA:327,22,0,0
BRDA:327,22,1,0
BRDA:331,23,0,0
BRDA:331,23,1,0
BRDA:335,24,0,0
BRDA:335,24,1,0
BRDA:432,25,0,0
BRDA:432,25,1,0
BRDA:446,26,0,0
BRDA:446,26,1,0
BRDA:465,27,0,0
BRDA:465,27,1,0
BRDA:526,28,0,0
BRDA:526,28,1,0
BRDA:535,29,0,0
BRDA:535,29,1,0
BRF:60
BRH:0
end_of_record
TN:
SF:src\pages\Social\SocialModule.tsx
FN:25,SocialModule
FN:42,(anonymous_1)
FN:46,(anonymous_2)
FN:53,(anonymous_3)
FN:56,(anonymous_4)
FN:68,(anonymous_5)
FN:77,(anonymous_6)
FN:79,(anonymous_7)
FN:81,(anonymous_8)
FN:92,(anonymous_9)
FN:94,(anonymous_10)
FN:95,(anonymous_11)
FN:97,(anonymous_12)
FN:98,(anonymous_13)
FN:107,(anonymous_14)
FN:109,(anonymous_15)
FN:118,(anonymous_16)
FN:120,(anonymous_17)
FN:121,(anonymous_18)
FN:123,(anonymous_19)
FN:124,(anonymous_20)
FN:148,(anonymous_21)
FN:159,(anonymous_22)
FN:170,(anonymous_23)
FN:181,(anonymous_24)
FN:203,(anonymous_25)
FN:223,(anonymous_26)
FN:226,(anonymous_27)
FN:300,(anonymous_28)
FN:331,(anonymous_29)
FN:338,(anonymous_30)
FN:342,(anonymous_31)
FN:353,(anonymous_32)
FN:360,(anonymous_33)
FN:387,(anonymous_34)
FN:424,(anonymous_35)
FNF:36
FNH:0
FNDA:0,SocialModule
FNDA:0,(anonymous_1)
FNDA:0,(anonymous_2)
FNDA:0,(anonymous_3)
FNDA:0,(anonymous_4)
FNDA:0,(anonymous_5)
FNDA:0,(anonymous_6)
FNDA:0,(anonymous_7)
FNDA:0,(anonymous_8)
FNDA:0,(anonymous_9)
FNDA:0,(anonymous_10)
FNDA:0,(anonymous_11)
FNDA:0,(anonymous_12)
FNDA:0,(anonymous_13)
FNDA:0,(anonymous_14)
FNDA:0,(anonymous_15)
FNDA:0,(anonymous_16)
FNDA:0,(anonymous_17)
FNDA:0,(anonymous_18)
FNDA:0,(anonymous_19)
FNDA:0,(anonymous_20)
FNDA:0,(anonymous_21)
FNDA:0,(anonymous_22)
FNDA:0,(anonymous_23)
FNDA:0,(anonymous_24)
FNDA:0,(anonymous_25)
FNDA:0,(anonymous_26)
FNDA:0,(anonymous_27)
FNDA:0,(anonymous_28)
FNDA:0,(anonymous_29)
FNDA:0,(anonymous_30)
FNDA:0,(anonymous_31)
FNDA:0,(anonymous_32)
FNDA:0,(anonymous_33)
FNDA:0,(anonymous_34)
FNDA:0,(anonymous_35)
DA:1,1
DA:2,1
DA:3,1
DA:4,1
DA:5,1
DA:6,1
DA:25,1
DA:26,0
DA:27,0
DA:28,0
DA:29,0
DA:30,0
DA:33,0
DA:34,0
DA:35,0
DA:36,0
DA:37,0
DA:38,0
DA:39,0
DA:42,0
DA:43,0
DA:44,0
DA:45,0
DA:46,0
DA:47,0
DA:48,0
DA:53,0
DA:54,0
DA:55,0
DA:56,0
DA:58,0
DA:59,0
DA:61,0
DA:64,0
DA:65,0
DA:68,0
DA:70,0
DA:73,0
DA:74,0
DA:77,0
DA:78,0
DA:79,0
DA:81,0
DA:88,0
DA:93,0
DA:94,0
DA:95,0
DA:97,0
DA:98,0
DA:108,0
DA:109,0
DA:119,0
DA:120,0
DA:121,0
DA:123,0
DA:124,0
DA:132,0
DA:134,0
DA:145,0
DA:148,0
DA:149,0
DA:150,0
DA:151,0
DA:152,0
DA:153,0
DA:154,0
DA:155,0
DA:156,0
DA:159,0
DA:160,0
DA:161,0
DA:163,0
DA:164,0
DA:166,0
DA:167,0
DA:170,0
DA:171,0
DA:172,0
DA:173,0
DA:174,0
DA:176,0
DA:181,0
DA:182,0
DA:183,0
DA:185,0
DA:186,0
DA:189,0
DA:190,0
DA:194,0
DA:196,0
DA:197,0
DA:199,0
DA:203,0
DA:224,0
DA:226,0
DA:273,0
DA:274,0
DA:275,0
DA:277,0
DA:300,0
DA:310,0
DA:331,0
DA:338,0
DA:343,0
DA:354,0
DA:360,0
DA:388,0
DA:389,0
DA:425,0
LF:109
LH:7
BRDA:44,0,0,0
BRDA:44,0,1,0
BRDA:47,1,0,0
BRDA:47,1,1,0
BRDA:55,2,0,0
BRDA:55,2,1,0
BRDA:58,3,0,0
BRDA:58,3,1,0
BRDA:70,4,0,0
BRDA:70,4,1,0
BRDA:70,4,2,0
BRDA:73,5,0,0
BRDA:73,5,1,0
BRDA:74,6,0,0
BRDA:74,6,1,0
BRDA:112,7,0,0
BRDA:112,7,1,0
BRDA:166,8,0,0
BRDA:166,8,1,0
BRDA:171,9,0,0
BRDA:171,9,1,0
BRDA:185,10,0,0
BRDA:185,10,1,0
BRDA:189,11,0,0
BRDA:189,11,1,0
BRDA:196,12,0,0
BRDA:196,12,1,0
BRDA:196,13,0,0
BRDA:196,13,1,0
BRDA:220,14,0,0
BRDA:220,14,1,0
BRDA:228,15,0,0
BRDA:228,15,1,0
BRDA:243,16,0,0
BRDA:243,16,1,0
BRDA:245,17,0,0
BRDA:245,17,1,0
BRDA:266,18,0,0
BRDA:266,18,1,0
BRDA:273,19,0,0
BRDA:273,19,1,0
BRDA:273,20,0,0
BRDA:273,20,1,0
BRDA:281,21,0,0
BRDA:281,21,1,0
BRDA:282,22,0,0
BRDA:282,22,1,0
BRDA:286,23,0,0
BRDA:286,23,1,0
BRDA:290,24,0,0
BRDA:290,24,1,0
BRDA:356,25,0,0
BRDA:356,25,1,0
BRDA:358,26,0,0
BRDA:358,26,1,0
BRDA:383,27,0,0
BRDA:383,27,1,0
BRDA:400,28,0,0
BRDA:400,28,1,0
BRDA:442,29,0,0
BRDA:442,29,1,0
BRDA:451,30,0,0
BRDA:451,30,1,0
BRF:63
BRH:0
end_of_record
TN:
SF:src\routes\AppRoutes.tsx
FN:8,AppRoutes
FNF:1
FNH:1
FNDA:1,AppRoutes
DA:1,1
DA:2,1
DA:3,1
DA:4,1
DA:5,1
DA:6,1
DA:8,1
DA:9,1
LF:8
LH:8
BRF:0
BRH:0
end_of_record
TN:
SF:src\utils\cn.ts
FN:4,cn
FNF:1
FNH:1
FNDA:13,cn
DA:1,1
DA:2,1
DA:4,1
DA:5,13
LF:4
LH:4
BRF:0
BRH:0
end_of_record
TN:
SF:src\utils\elementUtils.ts
FN:18,searchElements
FN:24,(anonymous_1)
FN:33,filterByCategory
FN:39,(anonymous_3)
FN:45,filterByState
FN:51,(anonymous_5)
FN:57,filterByPeriod
FN:63,(anonymous_7)
FN:69,filterByGroup
FN:75,(anonymous_9)
FN:81,getCategories
FN:82,(anonymous_11)
FN:89,getStates
FN:90,(anonymous_13)
FN:97,getCategoryColor
FN:115,getStateEmoji
FN:128,getCategoryName
FN:146,getStateName
FN:159,sortByAtomicNumber
FN:160,(anonymous_19)
FN:166,sortByName
FN:167,(anonymous_21)
FNF:22
FNH:22
FNDA:8,searchElements
FNDA:36,(anonymous_1)
FNDA:6,filterByCategory
FNDA:24,(anonymous_3)
FNDA:6,filterByState
FNDA:24,(anonymous_5)
FNDA:5,filterByPeriod
FNDA:24,(anonymous_7)
FNDA:5,filterByGroup
FNDA:24,(anonymous_9)
FNDA:4,getCategories
FNDA:18,(anonymous_11)
FNDA:4,getStates
FNDA:18,(anonymous_13)
FNDA:5,getCategoryColor
FNDA:4,getStateEmoji
FNDA:5,getCategoryName
FNDA:4,getStateName
FNDA:4,sortByAtomicNumber
FNDA:9,(anonymous_19)
FNDA:4,sortByName
FNDA:30,(anonymous_21)
DA:18,2
DA:19,8
DA:21,6
DA:23,6
DA:25,36
DA:33,2
DA:37,6
DA:39,24
DA:45,2
DA:49,6
DA:51,24
DA:57,2
DA:61,5
DA:63,24
DA:69,2
DA:73,5
DA:75,24
DA:81,2
DA:82,18
DA:83,4
DA:89,2
DA:90,18
DA:91,4
DA:97,2
DA:98,5
DA:109,5
DA:115,2
DA:116,4
DA:122,4
DA:128,2
DA:129,5
DA:140,5
DA:146,2
DA:147,4
DA:153,4
DA:159,2
DA:160,9
DA:166,2
DA:167,30
LF:39
LH:39
BRDA:19,0,0,2
BRDA:19,0,1,6
BRDA:25,1,0,36
BRDA:25,1,1,28
BRDA:37,2,0,2
BRDA:37,2,1,4
BRDA:37,3,0,6
BRDA:37,3,1,5
BRDA:49,4,0,2
BRDA:49,4,1,4
BRDA:49,5,0,6
BRDA:49,5,1,5
BRDA:61,6,0,1
BRDA:61,6,1,4
BRDA:73,7,0,1
BRDA:73,7,1,4
BRDA:109,8,0,5
BRDA:109,8,1,1
BRDA:122,9,0,4
BRDA:122,9,1,1
BRDA:140,10,0,5
BRDA:140,10,1,1
BRDA:153,11,0,4
BRDA:153,11,1,1
BRF:24
BRH:24
end_of_record
TN:
SF:src\utils\mathFormulas.ts
FN:20,(anonymous_0)
FN:45,(anonymous_1)
FN:71,(anonymous_2)
FN:98,(anonymous_3)
FN:120,(anonymous_4)
FN:147,(anonymous_5)
FN:175,(anonymous_6)
FN:177,(anonymous_7)
FN:181,(anonymous_8)
FNF:9
FNH:9
FNDA:4,(anonymous_0)
FNDA:5,(anonymous_1)
FNDA:5,(anonymous_2)
FNDA:5,(anonymous_3)
FNDA:4,(anonymous_4)
FNDA:6,(anonymous_5)
FNDA:6,(anonymous_6)
FNDA:6,(anonymous_7)
FNDA:7,(anonymous_8)
DA:20,2
DA:21,4
DA:22,4
DA:24,4
DA:45,2
DA:46,5
DA:47,5
DA:49,5
DA:71,2
DA:72,5
DA:73,5
DA:75,5
DA:98,2
DA:99,5
DA:101,5
DA:120,2
DA:121,4
DA:122,4
DA:123,4
DA:125,4
DA:147,2
DA:148,6
DA:149,6
DA:150,6
DA:152,6
DA:175,6
DA:177,2
DA:178,6
DA:181,7
LF:29
LH:29
BRDA:178,0,0,6
BRDA:178,0,1,3
BRDA:178,0,2,3
BRF:3
BRH:3
end_of_record
TN:
SF:src\views\ContadorClics.tsx
FN:2,ContadorClics
FNF:1
FNH:0
FNDA:0,ContadorClics
DA:1,0
DA:2,0
DA:3,0
LF:3
LH:0
BRF:0
BRH:0
end_of_record
TN:
SF:src\views\ConversorUnid.tsx
FN:2,ConversorUnid
FNF:1
FNH:0
FNDA:0,ConversorUnid
DA:1,0
DA:2,0
DA:3,0
LF:3
LH:0
BRF:0
BRH:0
end_of_record
TN:
SF:src\views\GeometryExplorer.tsx
FN:4,GeometryExplorer
FN:12,(anonymous_10)
FN:51,(anonymous_11)
FN:62,(anonymous_12)
FN:69,(anonymous_13)
FN:78,(anonymous_14)
FN:82,(anonymous_15)
FN:99,(anonymous_16)
FNF:8
FNH:0
FNDA:0,GeometryExplorer
FNDA:0,(anonymous_10)
FNDA:0,(anonymous_11)
FNDA:0,(anonymous_12)
FNDA:0,(anonymous_13)
FNDA:0,(anonymous_14)
FNDA:0,(anonymous_15)
FNDA:0,(anonymous_16)
DA:1,0
DA:2,0
DA:4,0
DA:5,0
DA:6,0
DA:7,0
DA:8,0
DA:9,0
DA:12,0
DA:13,0
DA:16,0
DA:17,0
DA:20,0
DA:26,0
DA:29,0
DA:30,0
DA:31,0
DA:32,0
DA:35,0
DA:36,0
DA:37,0
DA:38,0
DA:41,0
DA:42,0
DA:43,0
DA:46,0
DA:47,0
DA:48,0
DA:51,0
DA:52,0
DA:53,0
DA:54,0
DA:55,0
DA:57,0
DA:59,0
DA:62,0
DA:63,0
DA:64,0
DA:69,0
DA:70,0
DA:71,0
DA:78,0
DA:79,0
DA:82,0
DA:83,0
DA:86,0
DA:99,0
LF:47
LH:0
BRDA:13,0,0,0
BRDA:13,0,1,0
BRDA:53,1,0,0
BRDA:53,1,1,0
BRDA:53,2,0,0
BRDA:53,2,1,0
BRDA:70,3,0,0
BRDA:70,3,1,0
BRDA:79,4,0,0
BRDA:79,4,1,0
BRDA:83,5,0,0
BRDA:83,5,1,0
BRDA:102,6,0,0
BRDA:102,6,1,0
BRF:14
BRH:0
end_of_record
TN:
SF:src\views\HomePage.tsx
FN:3,HomeContent
FNF:1
FNH:0
FNDA:0,HomeContent
DA:1,0
DA:3,0
DA:4,0
LF:3
LH:0
BRF:0
BRH:0
end_of_record
TN:
SF:src\views\LayoutsView.tsx
FN:3,LayoutsView
FN:40,(anonymous_1)
FNF:2
FNH:0
FNDA:0,LayoutsView
FNDA:0,(anonymous_1)
DA:3,0
DA:4,0
DA:41,0
LF:3
LH:0
BRF:0
BRH:0
end_of_record
TN:
SF:src\views\ListaTareas.tsx
FN:2,ListaTareas
FNF:1
FNH:0
FNDA:0,ListaTareas
DA:1,0
DA:2,0
DA:3,0
LF:3
LH:0
BRF:0
BRH:0
end_of_record
TN:
SF:src\views\SettingsView.tsx
FN:3,SettingsView
FNF:1
FNH:0
FNDA:0,SettingsView
DA:3,0
DA:4,0
LF:2
LH:0
BRF:0
BRH:0
end_of_record
TN:
SF:src\views\SpeechDemoView.tsx
FN:4,SpeechDemoView
FN:13,(anonymous_1)
FN:14,populateVoices
FN:16,(anonymous_3)
FN:29,(anonymous_4)
FN:36,(anonymous_5)
FN:40,(anonymous_6)
FN:77,(anonymous_7)
FN:79,(anonymous_8)
FN:98,(anonymous_9)
FN:114,(anonymous_10)
FN:123,(anonymous_11)
FN:132,(anonymous_12)
FNF:13
FNH:0
FNDA:0,SpeechDemoView
FNDA:0,(anonymous_1)
FNDA:0,populateVoices
FNDA:0,(anonymous_3)
FNDA:0,(anonymous_4)
FNDA:0,(anonymous_5)
FNDA:0,(anonymous_6)
FNDA:0,(anonymous_7)
FNDA:0,(anonymous_8)
FNDA:0,(anonymous_9)
FNDA:0,(anonymous_10)
FNDA:0,(anonymous_11)
FNDA:0,(anonymous_12)
DA:2,0
DA:4,0
DA:5,0
DA:6,0
DA:7,0
DA:8,0
DA:10,0
DA:13,0
DA:15,0
DA:16,0
DA:17,0
DA:19,0
DA:20,0
DA:21,0
DA:22,0
DA:26,0
DA:27,0
DA:29,0
DA:30,0
DA:31,0
DA:36,0
DA:37,0
DA:38,0
DA:39,0
DA:40,0
DA:42,0
DA:43,0
DA:44,0
DA:45,0
DA:48,0
DA:54,0
DA:77,0
DA:80,0
DA:98,0
DA:114,0
DA:124,0
DA:132,0
LF:37
LH:0
BRDA:19,0,0,0
BRDA:19,0,1,0
BRDA:21,1,0,0
BRDA:21,1,1,0
BRDA:21,2,0,0
BRDA:21,2,1,0
BRDA:37,3,0,0
BRDA:37,3,1,0
BRDA:40,4,0,0
BRDA:40,4,1,0
BRDA:44,5,0,0
BRDA:44,5,1,0
BRF:12
BRH:0
end_of_record
TN:
SF:src\views\TablasMul.tsx
FN:3,TablasMul
FNF:1
FNH:0
FNDA:0,TablasMul
DA:2,0
DA:3,0
DA:4,0
LF:3
LH:0
BRF:0
BRH:0
end_of_record
TN:
SF:src\views\ThreeDemoView.tsx
FN:5,ThreeDemoView
FN:9,(anonymous_10)
FN:48,(anonymous_11)
FN:58,(anonymous_12)
FN:69,(anonymous_13)
FN:77,(anonymous_14)
FN:82,(anonymous_15)
FN:93,(anonymous_16)
FN:99,(anonymous_17)
FN:105,(anonymous_18)
FNF:10
FNH:0
FNDA:0,ThreeDemoView
FNDA:0,(anonymous_10)
FNDA:0,(anonymous_11)
FNDA:0,(anonymous_12)
FNDA:0,(anonymous_13)
FNDA:0,(anonymous_14)
FNDA:0,(anonymous_15)
FNDA:0,(anonymous_16)
FNDA:0,(anonymous_17)
FNDA:0,(anonymous_18)
DA:2,0
DA:3,0
DA:5,0
DA:6,0
DA:7,0
DA:9,0
DA:10,0
DA:12,0
DA:15,0
DA:16,0
DA:17,0
DA:18,0
DA:19,0
DA:22,0
DA:23,0
DA:29,0
DA:30,0
DA:33,0
DA:34,0
DA:35,0
DA:36,0
DA:39,0
DA:40,0
DA:41,0
DA:42,0
DA:43,0
DA:44,0
DA:47,0
DA:48,0
DA:49,0
DA:50,0
DA:51,0
DA:52,0
DA:53,0
DA:55,0
DA:58,0
DA:59,0
DA:60,0
DA:61,0
DA:62,0
DA:63,0
DA:65,0
DA:66,0
DA:69,0
DA:70,0
DA:71,0
DA:72,0
DA:73,0
DA:77,0
DA:78,0
DA:82,0
DA:83,0
DA:84,0
DA:88,0
DA:93,0
DA:99,0
DA:105,0
LF:57
LH:0
BRDA:10,0,0,0
BRDA:10,0,1,0
BRDA:49,1,0,0
BRDA:49,1,1,0
BRDA:78,2,0,0
BRDA:78,2,1,0
BRDA:84,3,0,0
BRDA:84,3,1,0
BRF:8
BRH:0
end_of_record
TN:
SF:src\views\ValidContrasena.tsx
FN:2,ValidContrasena
FNF:1
FNH:0
FNDA:0,ValidContrasena
DA:1,0
DA:2,0
DA:3,0
LF:3
LH:0
BRF:0
BRH:0
end_of_record
